#
# There is insufficient memory for the Java Runtime Environment to continue.
# Native memory allocation (malloc) failed to allocate 2288544 bytes. Error detail: Chunk::new
# Possible reasons:
#   The system is out of physical RAM or swap space
#   This process is running with CompressedOops enabled, and the Java Heap may be blocking the growth of the native heap
# Possible solutions:
#   Reduce memory load on the system
#   Increase physical memory or swap space
#   Check if swap backing store is full
#   Decrease Java heap size (-Xmx/-Xms)
#   Decrease number of Java threads
#   Decrease Java thread stack sizes (-Xss)
#   Set larger code cache with -XX:ReservedCodeCacheSize=
#   JVM is running with Unscaled Compressed Oops mode in which the Java heap is
#     placed in the first 4GB address space. The Java Heap base address is the
#     maximum limit for the native heap growth. Please use -XX:HeapBaseMinAddress
#     to set the Java Heap base and to place the Java Heap above 4GB virtual address.
# This output file may be truncated or incomplete.
#
#  Out of Memory Error (arena.cpp:191), pid=7672, tid=28724
#
# JRE version: OpenJDK Runtime Environment Corretto-17.0.12.7.1 (17.0.12+7) (build 17.0.12+7-LTS)
# Java VM: OpenJDK 64-Bit Server VM Corretto-17.0.12.7.1 (17.0.12+7-LTS, mixed mode, sharing, tiered, compressed oops, compressed class ptrs, g1 gc, windows-amd64)
# No core dump will be written. Minidumps are not enabled by default on client versions of Windows
#

---------------  S U M M A R Y ------------

Command Line: --add-opens=java.base/java.util=ALL-UNNAMED --add-opens=java.base/java.lang=ALL-UNNAMED --add-opens=java.base/java.lang.invoke=ALL-UNNAMED --add-opens=java.prefs/java.util.prefs=ALL-UNNAMED --add-exports=jdk.compiler/com.sun.tools.javac.api=ALL-UNNAMED --add-exports=jdk.compiler/com.sun.tools.javac.util=ALL-UNNAMED --add-opens=java.base/java.nio.charset=ALL-UNNAMED --add-opens=java.base/java.net=ALL-UNNAMED --add-opens=java.base/java.util.concurrent.atomic=ALL-UNNAMED -XX:MaxMetaspaceSize=384m -XX:+HeapDumpOnOutOfMemoryError -Xms256m -Xmx512m -Dfile.encoding=x-windows-949 -Duser.country=KR -Duser.language=ko -Duser.variant -javaagent:C:\Users\ssginc22\.gradle\wrapper\dists\gradle-8.10.2-bin\a04bxjujx95o3nb99gddekhwo\gradle-8.10.2\lib\agents\gradle-instrumentation-agent-8.10.2.jar org.gradle.launcher.daemon.bootstrap.GradleDaemon 8.10.2

Host: 11th Gen Intel(R) Core(TM) i7-11600H @ 2.90GHz, 12 cores, 15G,  Windows 10 , 64 bit Build 19041 (10.0.19041.5072)
Time: Fri Nov 22 12:07:44 2024  Windows 10 , 64 bit Build 19041 (10.0.19041.5072) elapsed time: 1139.400680 seconds (0d 0h 18m 59s)

---------------  T H R E A D  ---------------

Current thread (0x000001f874240110):  JavaThread "C2 CompilerThread0" daemon [_thread_in_native, id=28724, stack(0x00000058bc400000,0x00000058bc500000)]


Current CompileTask:
C2:1139400 19707       4       org.codehaus.groovy.runtime.metaclass.MetaMethodIndex::addMethodToList (128 bytes)

Stack: [0x00000058bc400000,0x00000058bc500000]
Native frames: (J=compiled Java code, j=interpreted, Vv=VM code, C=native code)
V  [jvm.dll+0x67f4f9]
V  [jvm.dll+0x836eaa]
V  [jvm.dll+0x83896e]
V  [jvm.dll+0x838fd3]
V  [jvm.dll+0x247f6f]
V  [jvm.dll+0xac9d4]
V  [jvm.dll+0xad01c]
V  [jvm.dll+0x367097]
V  [jvm.dll+0x33156a]
V  [jvm.dll+0x330a0a]
V  [jvm.dll+0x21a501]
V  [jvm.dll+0x219941]
V  [jvm.dll+0x1a57bd]
V  [jvm.dll+0x22966d]
V  [jvm.dll+0x22781c]
V  [jvm.dll+0x7ebec7]
V  [jvm.dll+0x7e62ac]
V  [jvm.dll+0x67e3c7]
C  [ucrtbase.dll+0x21bb2]
C  [KERNEL32.DLL+0x17374]
C  [ntdll.dll+0x4cc91]


---------------  P R O C E S S  ---------------

Threads class SMR info:
_java_thread_list=0x000001f87cc65190, length=53, elements={
0x000001f8572aa190, 0x000001f87420eef0, 0x000001f87420f9c0, 0x000001f87422d9a0,
0x000001f874232390, 0x000001f874233680, 0x000001f874233f50, 0x000001f874240110,
0x000001f874240ad0, 0x000001f87424bbf0, 0x000001f8743e2e00, 0x000001f874537d10,
0x000001f879da2a40, 0x000001f87a0fa560, 0x000001f87a0f9630, 0x000001f87a0f8c10,
0x000001f87a0f7ce0, 0x000001f87a0f81f0, 0x000001f87a703aa0, 0x000001f87a6ffde0,
0x000001f87a701c40, 0x000001f87a703590, 0x000001f87a7044c0, 0x000001f87a6ff8d0,
0x000001f87a702660, 0x000001f87a6fe9a0, 0x000001f87a702b70, 0x000001f87a7002f0,
0x000001f87a6fd560, 0x000001f87a704ee0, 0x000001f87ccb09f0, 0x000001f87ccb7e60,
0x000001f87c8b2260, 0x000001f87cade680, 0x000001f87cadbe00, 0x000001f87cad9fa0,
0x000001f87cad9a90, 0x000001f87cf155b0, 0x000001f87cf15ac0, 0x000001f87cf15fd0,
0x000001f87d6f07e0, 0x000001f87d6ed540, 0x000001f87d6efdc0, 0x000001f87d6f2130,
0x000001f87d6f2640, 0x000001f87d6f2b50, 0x000001f87a2f2140, 0x000001f87a2ecb30,
0x000001f87a2eb6f0, 0x000001f87a2ed040, 0x000001f87a2eacd0, 0x000001f87cf12310,
0x000001f87c8b45d0
}

Java Threads: ( => current thread )
  0x000001f8572aa190 JavaThread "main" [_thread_blocked, id=26976, stack(0x00000058bb700000,0x00000058bb800000)]
  0x000001f87420eef0 JavaThread "Reference Handler" daemon [_thread_blocked, id=20504, stack(0x00000058bbe00000,0x00000058bbf00000)]
  0x000001f87420f9c0 JavaThread "Finalizer" daemon [_thread_blocked, id=21420, stack(0x00000058bbf00000,0x00000058bc000000)]
  0x000001f87422d9a0 JavaThread "Signal Dispatcher" daemon [_thread_blocked, id=7088, stack(0x00000058bc000000,0x00000058bc100000)]
  0x000001f874232390 JavaThread "Attach Listener" daemon [_thread_blocked, id=25220, stack(0x00000058bc100000,0x00000058bc200000)]
  0x000001f874233680 JavaThread "Service Thread" daemon [_thread_blocked, id=23892, stack(0x00000058bc200000,0x00000058bc300000)]
  0x000001f874233f50 JavaThread "Monitor Deflation Thread" daemon [_thread_blocked, id=24060, stack(0x00000058bc300000,0x00000058bc400000)]
=>0x000001f874240110 JavaThread "C2 CompilerThread0" daemon [_thread_in_native, id=28724, stack(0x00000058bc400000,0x00000058bc500000)]
  0x000001f874240ad0 JavaThread "C1 CompilerThread0" daemon [_thread_blocked, id=27576, stack(0x00000058bc500000,0x00000058bc600000)]
  0x000001f87424bbf0 JavaThread "Sweeper thread" daemon [_thread_blocked, id=26348, stack(0x00000058bc600000,0x00000058bc700000)]
  0x000001f8743e2e00 JavaThread "Common-Cleaner" daemon [_thread_blocked, id=18664, stack(0x00000058bc700000,0x00000058bc800000)]
  0x000001f874537d10 JavaThread "Notification Thread" daemon [_thread_blocked, id=8000, stack(0x00000058bc900000,0x00000058bca00000)]
  0x000001f879da2a40 JavaThread "Daemon health stats" [_thread_blocked, id=21740, stack(0x00000058bd000000,0x00000058bd100000)]
  0x000001f87a0fa560 JavaThread "Incoming local TCP Connector on port 51325" [_thread_in_native, id=27708, stack(0x00000058bc800000,0x00000058bc900000)]
  0x000001f87a0f9630 JavaThread "Daemon periodic checks" [_thread_blocked, id=12636, stack(0x00000058bd100000,0x00000058bd200000)]
  0x000001f87a0f8c10 JavaThread "Cache worker for journal cache (C:\Users\ssginc22\.gradle\caches\journal-1)" [_thread_blocked, id=26684, stack(0x00000058bd900000,0x00000058bda00000)]
  0x000001f87a0f7ce0 JavaThread "File lock request listener" [_thread_in_native, id=19268, stack(0x00000058bda00000,0x00000058bdb00000)]
  0x000001f87a0f81f0 JavaThread "Cache worker for file hash cache (C:\Users\ssginc22\.gradle\caches\8.10.2\fileHashes)" [_thread_blocked, id=13636, stack(0x00000058bdb00000,0x00000058bdc00000)]
  0x000001f87a703aa0 JavaThread "File watcher server" daemon [_thread_in_native, id=10836, stack(0x00000058be400000,0x00000058be500000)]
  0x000001f87a6ffde0 JavaThread "File watcher consumer" daemon [_thread_blocked, id=16448, stack(0x00000058be500000,0x00000058be600000)]
  0x000001f87a701c40 JavaThread "Cache worker for file content cache (C:\Users\ssginc22\.gradle\caches\8.10.2\fileContent)" [_thread_blocked, id=14700, stack(0x00000058be700000,0x00000058be800000)]
  0x000001f87a703590 JavaThread "jar transforms" [_thread_blocked, id=22300, stack(0x00000058bea00000,0x00000058beb00000)]
  0x000001f87a7044c0 JavaThread "jar transforms Thread 2" [_thread_blocked, id=27968, stack(0x00000058beb00000,0x00000058bec00000)]
  0x000001f87a6ff8d0 JavaThread "jar transforms Thread 3" [_thread_blocked, id=1192, stack(0x00000058bec00000,0x00000058bed00000)]
  0x000001f87a702660 JavaThread "jar transforms Thread 4" [_thread_blocked, id=21264, stack(0x00000058bed00000,0x00000058bee00000)]
  0x000001f87a6fe9a0 JavaThread "jar transforms Thread 5" [_thread_blocked, id=24672, stack(0x00000058bee00000,0x00000058bef00000)]
  0x000001f87a702b70 JavaThread "jar transforms Thread 6" [_thread_blocked, id=26940, stack(0x00000058bef00000,0x00000058bf000000)]
  0x000001f87a7002f0 JavaThread "jar transforms Thread 7" [_thread_blocked, id=26396, stack(0x00000058bf000000,0x00000058bf100000)]
  0x000001f87a6fd560 JavaThread "jar transforms Thread 8" [_thread_blocked, id=8852, stack(0x00000058bf100000,0x00000058bf200000)]
  0x000001f87a704ee0 JavaThread "jar transforms Thread 9" [_thread_blocked, id=7972, stack(0x00000058bf200000,0x00000058bf300000)]
  0x000001f87ccb09f0 JavaThread "Memory manager" [_thread_blocked, id=23972, stack(0x00000058c1400000,0x00000058c1500000)]
  0x000001f87ccb7e60 JavaThread "jar transforms Thread 10" [_thread_blocked, id=11064, stack(0x00000058c1600000,0x00000058c1700000)]
  0x000001f87c8b2260 JavaThread "Cache worker for Java compile cache (C:\Users\ssginc22\.gradle\caches\8.10.2\javaCompile)" [_thread_blocked, id=1988, stack(0x00000058c8b00000,0x00000058c8c00000)]
  0x000001f87cade680 JavaThread "Daemon Thread 3" [_thread_blocked, id=24604, stack(0x00000058bb400000,0x00000058bb500000)]
  0x000001f87cadbe00 JavaThread "Daemon worker Thread 2" [_thread_blocked, id=8076, stack(0x00000058bd200000,0x00000058bd300000)]
  0x000001f87cad9fa0 JavaThread "jar transforms Thread 11" [_thread_blocked, id=28992, stack(0x00000058be800000,0x00000058be900000)]
  0x000001f87cad9a90 JavaThread "jar transforms Thread 12" [_thread_blocked, id=29596, stack(0x00000058be900000,0x00000058bea00000)]
  0x000001f87cf155b0 JavaThread "ForkJoinPool.commonPool-worker-12" daemon [_thread_blocked, id=28348, stack(0x00000058c0f00000,0x00000058c1000000)]
  0x000001f87cf15ac0 JavaThread "ForkJoinPool.commonPool-worker-13" daemon [_thread_blocked, id=8364, stack(0x00000058c1000000,0x00000058c1100000)]
  0x000001f87cf15fd0 JavaThread "ForkJoinPool.commonPool-worker-14" daemon [_thread_blocked, id=11096, stack(0x00000058c1100000,0x00000058c1200000)]
  0x000001f87d6f07e0 JavaThread "ForkJoinPool.commonPool-worker-15" daemon [_thread_blocked, id=5148, stack(0x00000058c1200000,0x00000058c1300000)]
  0x000001f87d6ed540 JavaThread "ForkJoinPool.commonPool-worker-16" daemon [_thread_blocked, id=25132, stack(0x00000058c1300000,0x00000058c1400000)]
  0x000001f87d6efdc0 JavaThread "ForkJoinPool.commonPool-worker-17" daemon [_thread_blocked, id=16124, stack(0x00000058c1700000,0x00000058c1800000)]
  0x000001f87d6f2130 JavaThread "ForkJoinPool.commonPool-worker-18" daemon [_thread_blocked, id=10544, stack(0x00000058c1800000,0x00000058c1900000)]
  0x000001f87d6f2640 JavaThread "ForkJoinPool.commonPool-worker-19" daemon [_thread_blocked, id=5560, stack(0x00000058c1900000,0x00000058c1a00000)]
  0x000001f87d6f2b50 JavaThread "ForkJoinPool.commonPool-worker-20" daemon [_thread_blocked, id=20976, stack(0x00000058c1a00000,0x00000058c1b00000)]
  0x000001f87a2f2140 JavaThread "included builds" [_thread_blocked, id=19304, stack(0x00000058c7a00000,0x00000058c7b00000)]
  0x000001f87a2ecb30 JavaThread "VFS cleanup Thread 2" [_thread_blocked, id=13468, stack(0x00000058bd300000,0x00000058bd400000)]
  0x000001f87a2eb6f0 JavaThread "Handler for socket connection from /127.0.0.1:51325 to /127.0.0.1:51822" [_thread_in_native, id=6404, stack(0x00000058bd400000,0x00000058bd500000)]
  0x000001f87a2ed040 JavaThread "Cancel handler" [_thread_blocked, id=17228, stack(0x00000058bd500000,0x00000058bd600000)]
  0x000001f87a2eacd0 JavaThread "Asynchronous log dispatcher for DefaultDaemonConnection: socket connection from /127.0.0.1:51325 to /127.0.0.1:51822" [_thread_blocked, id=20096, stack(0x00000058bd600000,0x00000058bd700000)]
  0x000001f87cf12310 JavaThread "included builds" [_thread_blocked, id=22476, stack(0x00000058c2c00000,0x00000058c2d00000)]
  0x000001f87c8b45d0 JavaThread "ForkJoinPool.commonPool-worker-21" daemon [_thread_blocked, id=18188, stack(0x00000058c3900000,0x00000058c3a00000)]

Other Threads:
  0x000001f87420b530 VMThread "VM Thread" [stack: 0x00000058bbd00000,0x00000058bbe00000] [id=25000]
  0x000001f8744fed70 WatcherThread [stack: 0x00000058bca00000,0x00000058bcb00000] [id=16564]
  0x000001f8572dd080 GCTaskThread "GC Thread#0" [stack: 0x00000058bb800000,0x00000058bb900000] [id=17188]
  0x000001f87472a600 GCTaskThread "GC Thread#1" [stack: 0x00000058bcb00000,0x00000058bcc00000] [id=5304]
  0x000001f87472a8c0 GCTaskThread "GC Thread#2" [stack: 0x00000058bcc00000,0x00000058bcd00000] [id=11888]
  0x000001f874d1c3d0 GCTaskThread "GC Thread#3" [stack: 0x00000058bcd00000,0x00000058bce00000] [id=16388]
  0x000001f874d4dc30 GCTaskThread "GC Thread#4" [stack: 0x00000058bce00000,0x00000058bcf00000] [id=10036]
  0x000001f874a97750 GCTaskThread "GC Thread#5" [stack: 0x00000058bcf00000,0x00000058bd000000] [id=18752]
  0x000001f87b34e830 GCTaskThread "GC Thread#6" [stack: 0x00000058bde00000,0x00000058bdf00000] [id=20552]
  0x000001f87a096dd0 GCTaskThread "GC Thread#7" [stack: 0x00000058bdf00000,0x00000058be000000] [id=11828]
  0x000001f87a097090 GCTaskThread "GC Thread#8" [stack: 0x00000058be000000,0x00000058be100000] [id=19508]
  0x000001f87b501010 GCTaskThread "GC Thread#9" [stack: 0x00000058be100000,0x00000058be200000] [id=10804]
  0x000001f8572e1ee0 ConcurrentGCThread "G1 Main Marker" [stack: 0x00000058bb900000,0x00000058bba00000] [id=26440]
  0x000001f8572e3820 ConcurrentGCThread "G1 Conc#0" [stack: 0x00000058bba00000,0x00000058bbb00000] [id=13624]
  0x000001f879bd3db0 ConcurrentGCThread "G1 Conc#1" [stack: 0x00000058be200000,0x00000058be300000] [id=1536]
  0x000001f87a36f850 ConcurrentGCThread "G1 Conc#2" [stack: 0x00000058be300000,0x00000058be400000] [id=15572]
  0x000001f85736daa0 ConcurrentGCThread "G1 Refine#0" [stack: 0x00000058bbb00000,0x00000058bbc00000] [id=26904]
  0x000001f87cd23820 ConcurrentGCThread "G1 Refine#1" [stack: 0x00000058c1500000,0x00000058c1600000] [id=468]
  0x000001f87cd25290 ConcurrentGCThread "G1 Refine#2" [stack: 0x00000058c7300000,0x00000058c7400000] [id=28752]
  0x000001f87cd25870 ConcurrentGCThread "G1 Refine#3" [stack: 0x00000058c7400000,0x00000058c7500000] [id=14916]
  0x000001f85736e3e0 ConcurrentGCThread "G1 Service" [stack: 0x00000058bbc00000,0x00000058bbd00000] [id=12776]

Threads with active compile tasks:
C2 CompilerThread0  1139427 19707       4       org.codehaus.groovy.runtime.metaclass.MetaMethodIndex::addMethodToList (128 bytes)

VM state: not at safepoint (normal execution)

VM Mutex/Monitor currently owned by a thread: None

Heap address: 0x00000000e0000000, size: 512 MB, Compressed Oops mode: 32-bit

CDS archive(s) mapped at: [0x000001f800000000-0x000001f800bb0000-0x000001f800bb0000), size 12255232, SharedBaseAddress: 0x000001f800000000, ArchiveRelocationMode: 1.
Compressed class space mapped at: 0x000001f801000000-0x000001f815000000, reserved size: 335544320
Narrow klass base: 0x000001f800000000, Narrow klass shift: 0, Narrow klass range: 0x100000000

GC Precious Log:
 CPUs: 12 total, 12 available
 Memory: 16121M
 Large Page Support: Disabled
 NUMA Support: Disabled
 Compressed Oops: Enabled (32-bit)
 Heap Region Size: 1M
 Heap Min Capacity: 256M
 Heap Initial Capacity: 256M
 Heap Max Capacity: 512M
 Pre-touch: Disabled
 Parallel Workers: 10
 Concurrent Workers: 3
 Concurrent Refinement Workers: 10
 Periodic GC: Disabled

Heap:
 garbage-first heap   total 268288K, used 214065K [0x00000000e0000000, 0x0000000100000000)
  region size 1024K, 64 young (65536K), 2 survivors (2048K)
 Metaspace       used 90697K, committed 91648K, reserved 458752K
  class space    used 12157K, committed 12608K, reserved 327680K

Heap Regions: E=young(eden), S=young(survivor), O=old, HS=humongous(starts), HC=humongous(continues), CS=collection set, F=free, OA=open archive, CA=closed archive, TAMS=top-at-mark-start (previous, next)
|   0|0x00000000e0000000, 0x00000000e0100000, 0x00000000e0100000|100%| O|  |TAMS 0x00000000e0100000, 0x00000000e0000000| Untracked 
|   1|0x00000000e0100000, 0x00000000e0200000, 0x00000000e0200000|100%| O|  |TAMS 0x00000000e0200000, 0x00000000e0100000| Untracked 
|   2|0x00000000e0200000, 0x00000000e0300000, 0x00000000e0300000|100%|HS|  |TAMS 0x00000000e0300000, 0x00000000e0200000| Complete 
|   3|0x00000000e0300000, 0x00000000e0400000, 0x00000000e0400000|100%|HC|  |TAMS 0x00000000e0400000, 0x00000000e0300000| Complete 
|   4|0x00000000e0400000, 0x00000000e0500000, 0x00000000e0500000|100%|HC|  |TAMS 0x00000000e0500000, 0x00000000e0400000| Complete 
|   5|0x00000000e0500000, 0x00000000e0600000, 0x00000000e0600000|100%|HC|  |TAMS 0x00000000e0600000, 0x00000000e0500000| Complete 
|   6|0x00000000e0600000, 0x00000000e0700000, 0x00000000e0700000|100%| O|  |TAMS 0x00000000e0700000, 0x00000000e0600000| Untracked 
|   7|0x00000000e0700000, 0x00000000e0800000, 0x00000000e0800000|100%| O|  |TAMS 0x00000000e0800000, 0x00000000e0700000| Untracked 
|   8|0x00000000e0800000, 0x00000000e0900000, 0x00000000e0900000|100%| O|  |TAMS 0x00000000e0900000, 0x00000000e0800000| Untracked 
|   9|0x00000000e0900000, 0x00000000e0a00000, 0x00000000e0a00000|100%|HS|  |TAMS 0x00000000e0a00000, 0x00000000e0900000| Complete 
|  10|0x00000000e0a00000, 0x00000000e0b00000, 0x00000000e0b00000|100%| O|  |TAMS 0x00000000e0b00000, 0x00000000e0a00000| Untracked 
|  11|0x00000000e0b00000, 0x00000000e0c00000, 0x00000000e0c00000|100%| O|  |TAMS 0x00000000e0c00000, 0x00000000e0b00000| Untracked 
|  12|0x00000000e0c00000, 0x00000000e0d00000, 0x00000000e0d00000|100%| O|  |TAMS 0x00000000e0d00000, 0x00000000e0c00000| Untracked 
|  13|0x00000000e0d00000, 0x00000000e0e00000, 0x00000000e0e00000|100%| O|  |TAMS 0x00000000e0e00000, 0x00000000e0d00000| Untracked 
|  14|0x00000000e0e00000, 0x00000000e0f00000, 0x00000000e0f00000|100%| O|  |TAMS 0x00000000e0f00000, 0x00000000e0e00000| Untracked 
|  15|0x00000000e0f00000, 0x00000000e1000000, 0x00000000e1000000|100%| O|  |TAMS 0x00000000e1000000, 0x00000000e0f00000| Untracked 
|  16|0x00000000e1000000, 0x00000000e1100000, 0x00000000e1100000|100%| O|  |TAMS 0x00000000e1100000, 0x00000000e1000000| Untracked 
|  17|0x00000000e1100000, 0x00000000e1200000, 0x00000000e1200000|100%| O|  |TAMS 0x00000000e1200000, 0x00000000e1100000| Untracked 
|  18|0x00000000e1200000, 0x00000000e1300000, 0x00000000e1300000|100%| O|  |TAMS 0x00000000e1300000, 0x00000000e1200000| Untracked 
|  19|0x00000000e1300000, 0x00000000e1400000, 0x00000000e1400000|100%| O|  |TAMS 0x00000000e1400000, 0x00000000e1300000| Untracked 
|  20|0x00000000e1400000, 0x00000000e1500000, 0x00000000e1500000|100%| O|  |TAMS 0x00000000e1500000, 0x00000000e1400000| Untracked 
|  21|0x00000000e1500000, 0x00000000e1600000, 0x00000000e1600000|100%| O|  |TAMS 0x00000000e1600000, 0x00000000e1500000| Untracked 
|  22|0x00000000e1600000, 0x00000000e1700000, 0x00000000e1700000|100%| O|  |TAMS 0x00000000e1700000, 0x00000000e1600000| Untracked 
|  23|0x00000000e1700000, 0x00000000e1800000, 0x00000000e1800000|100%| O|  |TAMS 0x00000000e1800000, 0x00000000e1700000| Untracked 
|  24|0x00000000e1800000, 0x00000000e1900000, 0x00000000e1900000|100%| O|  |TAMS 0x00000000e1900000, 0x00000000e1800000| Untracked 
|  25|0x00000000e1900000, 0x00000000e1a00000, 0x00000000e1a00000|100%| O|  |TAMS 0x00000000e1a00000, 0x00000000e1900000| Untracked 
|  26|0x00000000e1a00000, 0x00000000e1b00000, 0x00000000e1b00000|100%| O|  |TAMS 0x00000000e1b00000, 0x00000000e1a00000| Untracked 
|  27|0x00000000e1b00000, 0x00000000e1c00000, 0x00000000e1c00000|100%| O|  |TAMS 0x00000000e1c00000, 0x00000000e1b00000| Untracked 
|  28|0x00000000e1c00000, 0x00000000e1d00000, 0x00000000e1d00000|100%| O|  |TAMS 0x00000000e1d00000, 0x00000000e1c00000| Untracked 
|  29|0x00000000e1d00000, 0x00000000e1e00000, 0x00000000e1e00000|100%| O|  |TAMS 0x00000000e1e00000, 0x00000000e1d00000| Untracked 
|  30|0x00000000e1e00000, 0x00000000e1f00000, 0x00000000e1f00000|100%| O|  |TAMS 0x00000000e1f00000, 0x00000000e1e00000| Untracked 
|  31|0x00000000e1f00000, 0x00000000e2000000, 0x00000000e2000000|100%| O|  |TAMS 0x00000000e2000000, 0x00000000e1f00000| Untracked 
|  32|0x00000000e2000000, 0x00000000e2000000, 0x00000000e2100000|  0%| F|  |TAMS 0x00000000e2000000, 0x00000000e2000000| Untracked 
|  33|0x00000000e2100000, 0x00000000e2200000, 0x00000000e2200000|100%| O|  |TAMS 0x00000000e2200000, 0x00000000e2100000| Untracked 
|  34|0x00000000e2200000, 0x00000000e2300000, 0x00000000e2300000|100%| O|  |TAMS 0x00000000e2300000, 0x00000000e2200000| Untracked 
|  35|0x00000000e2300000, 0x00000000e2400000, 0x00000000e2400000|100%| O|  |TAMS 0x00000000e2400000, 0x00000000e2300000| Untracked 
|  36|0x00000000e2400000, 0x00000000e2500000, 0x00000000e2500000|100%| O|  |TAMS 0x00000000e2500000, 0x00000000e2400000| Untracked 
|  37|0x00000000e2500000, 0x00000000e2600000, 0x00000000e2600000|100%| O|  |TAMS 0x00000000e2600000, 0x00000000e2500000| Untracked 
|  38|0x00000000e2600000, 0x00000000e2700000, 0x00000000e2700000|100%| O|  |TAMS 0x00000000e2700000, 0x00000000e2600000| Untracked 
|  39|0x00000000e2700000, 0x00000000e2800000, 0x00000000e2800000|100%| O|  |TAMS 0x00000000e2800000, 0x00000000e2700000| Untracked 
|  40|0x00000000e2800000, 0x00000000e2800000, 0x00000000e2900000|  0%| F|  |TAMS 0x00000000e2800000, 0x00000000e2800000| Untracked 
|  41|0x00000000e2900000, 0x00000000e2a00000, 0x00000000e2a00000|100%| O|  |TAMS 0x00000000e2a00000, 0x00000000e2900000| Untracked 
|  42|0x00000000e2a00000, 0x00000000e2b00000, 0x00000000e2b00000|100%| O|  |TAMS 0x00000000e2b00000, 0x00000000e2a00000| Untracked 
|  43|0x00000000e2b00000, 0x00000000e2c00000, 0x00000000e2c00000|100%| O|  |TAMS 0x00000000e2c00000, 0x00000000e2b00000| Untracked 
|  44|0x00000000e2c00000, 0x00000000e2d00000, 0x00000000e2d00000|100%| O|  |TAMS 0x00000000e2d00000, 0x00000000e2c00000| Untracked 
|  45|0x00000000e2d00000, 0x00000000e2e00000, 0x00000000e2e00000|100%| O|  |TAMS 0x00000000e2e00000, 0x00000000e2d00000| Untracked 
|  46|0x00000000e2e00000, 0x00000000e2f00000, 0x00000000e2f00000|100%| O|  |TAMS 0x00000000e2f00000, 0x00000000e2e00000| Untracked 
|  47|0x00000000e2f00000, 0x00000000e3000000, 0x00000000e3000000|100%| O|  |TAMS 0x00000000e3000000, 0x00000000e2f00000| Untracked 
|  48|0x00000000e3000000, 0x00000000e3100000, 0x00000000e3100000|100%| O|  |TAMS 0x00000000e3100000, 0x00000000e3000000| Untracked 
|  49|0x00000000e3100000, 0x00000000e3200000, 0x00000000e3200000|100%| O|  |TAMS 0x00000000e3200000, 0x00000000e3100000| Untracked 
|  50|0x00000000e3200000, 0x00000000e3200000, 0x00000000e3300000|  0%| F|  |TAMS 0x00000000e3200000, 0x00000000e3200000| Untracked 
|  51|0x00000000e3300000, 0x00000000e3400000, 0x00000000e3400000|100%| O|  |TAMS 0x00000000e3400000, 0x00000000e3300000| Untracked 
|  52|0x00000000e3400000, 0x00000000e3500000, 0x00000000e3500000|100%| O|  |TAMS 0x00000000e3500000, 0x00000000e3400000| Untracked 
|  53|0x00000000e3500000, 0x00000000e3500000, 0x00000000e3600000|  0%| F|  |TAMS 0x00000000e3500000, 0x00000000e3500000| Untracked 
|  54|0x00000000e3600000, 0x00000000e3700000, 0x00000000e3700000|100%| O|  |TAMS 0x00000000e3700000, 0x00000000e3600000| Untracked 
|  55|0x00000000e3700000, 0x00000000e3800000, 0x00000000e3800000|100%| O|  |TAMS 0x00000000e3800000, 0x00000000e3700000| Untracked 
|  56|0x00000000e3800000, 0x00000000e3900000, 0x00000000e3900000|100%| O|  |TAMS 0x00000000e3900000, 0x00000000e3800000| Untracked 
|  57|0x00000000e3900000, 0x00000000e3a00000, 0x00000000e3a00000|100%| O|  |TAMS 0x00000000e3a00000, 0x00000000e3900000| Untracked 
|  58|0x00000000e3a00000, 0x00000000e3b00000, 0x00000000e3b00000|100%| O|  |TAMS 0x00000000e3b00000, 0x00000000e3a00000| Untracked 
|  59|0x00000000e3b00000, 0x00000000e3c00000, 0x00000000e3c00000|100%| O|  |TAMS 0x00000000e3c00000, 0x00000000e3b00000| Untracked 
|  60|0x00000000e3c00000, 0x00000000e3c00000, 0x00000000e3d00000|  0%| F|  |TAMS 0x00000000e3c00000, 0x00000000e3c00000| Untracked 
|  61|0x00000000e3d00000, 0x00000000e3e00000, 0x00000000e3e00000|100%| O|  |TAMS 0x00000000e3e00000, 0x00000000e3d00000| Untracked 
|  62|0x00000000e3e00000, 0x00000000e3f00000, 0x00000000e3f00000|100%| O|  |TAMS 0x00000000e3e00000, 0x00000000e3e00000| Untracked 
|  63|0x00000000e3f00000, 0x00000000e4000000, 0x00000000e4000000|100%| O|  |TAMS 0x00000000e4000000, 0x00000000e3f00000| Untracked 
|  64|0x00000000e4000000, 0x00000000e4100000, 0x00000000e4100000|100%| O|  |TAMS 0x00000000e4100000, 0x00000000e4000000| Untracked 
|  65|0x00000000e4100000, 0x00000000e4200000, 0x00000000e4200000|100%| O|  |TAMS 0x00000000e4100000, 0x00000000e4100000| Untracked 
|  66|0x00000000e4200000, 0x00000000e4300000, 0x00000000e4300000|100%| O|  |TAMS 0x00000000e4200000, 0x00000000e4200000| Untracked 
|  67|0x00000000e4300000, 0x00000000e4400000, 0x00000000e4400000|100%| O|  |TAMS 0x00000000e4300000, 0x00000000e4300000| Untracked 
|  68|0x00000000e4400000, 0x00000000e4500000, 0x00000000e4500000|100%| O|  |TAMS 0x00000000e4400000, 0x00000000e4400000| Untracked 
|  69|0x00000000e4500000, 0x00000000e4600000, 0x00000000e4600000|100%| O|  |TAMS 0x00000000e4500000, 0x00000000e4500000| Untracked 
|  70|0x00000000e4600000, 0x00000000e4700000, 0x00000000e4700000|100%| O|  |TAMS 0x00000000e4600000, 0x00000000e4600000| Untracked 
|  71|0x00000000e4700000, 0x00000000e4800000, 0x00000000e4800000|100%| O|  |TAMS 0x00000000e4700000, 0x00000000e4700000| Untracked 
|  72|0x00000000e4800000, 0x00000000e4900000, 0x00000000e4900000|100%| O|  |TAMS 0x00000000e4800000, 0x00000000e4800000| Untracked 
|  73|0x00000000e4900000, 0x00000000e4a00000, 0x00000000e4a00000|100%| O|  |TAMS 0x00000000e4900000, 0x00000000e4900000| Untracked 
|  74|0x00000000e4a00000, 0x00000000e4b00000, 0x00000000e4b00000|100%| O|  |TAMS 0x00000000e4a00000, 0x00000000e4a00000| Untracked 
|  75|0x00000000e4b00000, 0x00000000e4bce800, 0x00000000e4c00000| 80%| O|  |TAMS 0x00000000e4b00000, 0x00000000e4b00000| Untracked 
|  76|0x00000000e4c00000, 0x00000000e4d00000, 0x00000000e4d00000|100%| O|  |TAMS 0x00000000e4d00000, 0x00000000e4c00000| Untracked 
|  77|0x00000000e4d00000, 0x00000000e4d00000, 0x00000000e4e00000|  0%| F|  |TAMS 0x00000000e4d00000, 0x00000000e4d00000| Untracked 
|  78|0x00000000e4e00000, 0x00000000e4f00000, 0x00000000e4f00000|100%|HS|  |TAMS 0x00000000e4f00000, 0x00000000e4e00000| Complete 
|  79|0x00000000e4f00000, 0x00000000e5000000, 0x00000000e5000000|100%|HC|  |TAMS 0x00000000e5000000, 0x00000000e4f00000| Complete 
|  80|0x00000000e5000000, 0x00000000e5100000, 0x00000000e5100000|100%|HC|  |TAMS 0x00000000e5100000, 0x00000000e5000000| Complete 
|  81|0x00000000e5100000, 0x00000000e5200000, 0x00000000e5200000|100%|HC|  |TAMS 0x00000000e5200000, 0x00000000e5100000| Complete 
|  82|0x00000000e5200000, 0x00000000e5300000, 0x00000000e5300000|100%|HC|  |TAMS 0x00000000e5300000, 0x00000000e5200000| Complete 
|  83|0x00000000e5300000, 0x00000000e5400000, 0x00000000e5400000|100%|HS|  |TAMS 0x00000000e5400000, 0x00000000e5300000| Complete 
|  84|0x00000000e5400000, 0x00000000e5500000, 0x00000000e5500000|100%|HC|  |TAMS 0x00000000e5500000, 0x00000000e5400000| Complete 
|  85|0x00000000e5500000, 0x00000000e5600000, 0x00000000e5600000|100%|HC|  |TAMS 0x00000000e5600000, 0x00000000e5500000| Complete 
|  86|0x00000000e5600000, 0x00000000e5700000, 0x00000000e5700000|100%|HS|  |TAMS 0x00000000e5700000, 0x00000000e5600000| Complete 
|  87|0x00000000e5700000, 0x00000000e5800000, 0x00000000e5800000|100%|HC|  |TAMS 0x00000000e5800000, 0x00000000e5700000| Complete 
|  88|0x00000000e5800000, 0x00000000e5900000, 0x00000000e5900000|100%|HC|  |TAMS 0x00000000e5900000, 0x00000000e5800000| Complete 
|  89|0x00000000e5900000, 0x00000000e5a00000, 0x00000000e5a00000|100%|HS|  |TAMS 0x00000000e5a00000, 0x00000000e5900000| Complete 
|  90|0x00000000e5a00000, 0x00000000e5b00000, 0x00000000e5b00000|100%|HC|  |TAMS 0x00000000e5b00000, 0x00000000e5a00000| Complete 
|  91|0x00000000e5b00000, 0x00000000e5c00000, 0x00000000e5c00000|100%|HC|  |TAMS 0x00000000e5c00000, 0x00000000e5b00000| Complete 
|  92|0x00000000e5c00000, 0x00000000e5d00000, 0x00000000e5d00000|100%|HS|  |TAMS 0x00000000e5d00000, 0x00000000e5c00000| Complete 
|  93|0x00000000e5d00000, 0x00000000e5e00000, 0x00000000e5e00000|100%|HC|  |TAMS 0x00000000e5e00000, 0x00000000e5d00000| Complete 
|  94|0x00000000e5e00000, 0x00000000e5f00000, 0x00000000e5f00000|100%|HC|  |TAMS 0x00000000e5f00000, 0x00000000e5e00000| Complete 
|  95|0x00000000e5f00000, 0x00000000e6000000, 0x00000000e6000000|100%|HC|  |TAMS 0x00000000e6000000, 0x00000000e5f00000| Complete 
|  96|0x00000000e6000000, 0x00000000e6100000, 0x00000000e6100000|100%|HC|  |TAMS 0x00000000e6100000, 0x00000000e6000000| Complete 
|  97|0x00000000e6100000, 0x00000000e6100000, 0x00000000e6200000|  0%| F|  |TAMS 0x00000000e6100000, 0x00000000e6100000| Untracked 
|  98|0x00000000e6200000, 0x00000000e6300000, 0x00000000e6300000|100%| O|  |TAMS 0x00000000e6300000, 0x00000000e6200000| Untracked 
|  99|0x00000000e6300000, 0x00000000e6400000, 0x00000000e6400000|100%| O|  |TAMS 0x00000000e6400000, 0x00000000e6300000| Untracked 
| 100|0x00000000e6400000, 0x00000000e6500000, 0x00000000e6500000|100%|HS|  |TAMS 0x00000000e6500000, 0x00000000e6400000| Complete 
| 101|0x00000000e6500000, 0x00000000e6600000, 0x00000000e6600000|100%|HC|  |TAMS 0x00000000e6600000, 0x00000000e6500000| Complete 
| 102|0x00000000e6600000, 0x00000000e6700000, 0x00000000e6700000|100%|HC|  |TAMS 0x00000000e6700000, 0x00000000e6600000| Complete 
| 103|0x00000000e6700000, 0x00000000e6800000, 0x00000000e6800000|100%|HC|  |TAMS 0x00000000e6800000, 0x00000000e6700000| Complete 
| 104|0x00000000e6800000, 0x00000000e6900000, 0x00000000e6900000|100%|HC|  |TAMS 0x00000000e6900000, 0x00000000e6800000| Complete 
| 105|0x00000000e6900000, 0x00000000e6a00000, 0x00000000e6a00000|100%|HS|  |TAMS 0x00000000e6900000, 0x00000000e6900000| Complete 
| 106|0x00000000e6a00000, 0x00000000e6b00000, 0x00000000e6b00000|100%|HC|  |TAMS 0x00000000e6a00000, 0x00000000e6a00000| Complete 
| 107|0x00000000e6b00000, 0x00000000e6c00000, 0x00000000e6c00000|100%|HC|  |TAMS 0x00000000e6b00000, 0x00000000e6b00000| Complete 
| 108|0x00000000e6c00000, 0x00000000e6d00000, 0x00000000e6d00000|100%| O|  |TAMS 0x00000000e6d00000, 0x00000000e6c00000| Untracked 
| 109|0x00000000e6d00000, 0x00000000e6e00000, 0x00000000e6e00000|100%| O|  |TAMS 0x00000000e6e00000, 0x00000000e6d00000| Untracked 
| 110|0x00000000e6e00000, 0x00000000e6f00000, 0x00000000e6f00000|100%| O|  |TAMS 0x00000000e6f00000, 0x00000000e6e00000| Untracked 
| 111|0x00000000e6f00000, 0x00000000e7000000, 0x00000000e7000000|100%| O|  |TAMS 0x00000000e7000000, 0x00000000e6f00000| Untracked 
| 112|0x00000000e7000000, 0x00000000e7000000, 0x00000000e7100000|  0%| F|  |TAMS 0x00000000e7000000, 0x00000000e7000000| Untracked 
| 113|0x00000000e7100000, 0x00000000e7100000, 0x00000000e7200000|  0%| F|  |TAMS 0x00000000e7100000, 0x00000000e7100000| Untracked 
| 114|0x00000000e7200000, 0x00000000e7300000, 0x00000000e7300000|100%| O|  |TAMS 0x00000000e7300000, 0x00000000e7200000| Untracked 
| 115|0x00000000e7300000, 0x00000000e7400000, 0x00000000e7400000|100%| O|  |TAMS 0x00000000e7400000, 0x00000000e7300000| Untracked 
| 116|0x00000000e7400000, 0x00000000e7500000, 0x00000000e7500000|100%| O|  |TAMS 0x00000000e7500000, 0x00000000e7400000| Untracked 
| 117|0x00000000e7500000, 0x00000000e7500000, 0x00000000e7600000|  0%| F|  |TAMS 0x00000000e7500000, 0x00000000e7500000| Untracked 
| 118|0x00000000e7600000, 0x00000000e7600000, 0x00000000e7700000|  0%| F|  |TAMS 0x00000000e7600000, 0x00000000e7600000| Untracked 
| 119|0x00000000e7700000, 0x00000000e7700000, 0x00000000e7800000|  0%| F|  |TAMS 0x00000000e7700000, 0x00000000e7700000| Untracked 
| 120|0x00000000e7800000, 0x00000000e7900000, 0x00000000e7900000|100%| O|  |TAMS 0x00000000e7900000, 0x00000000e7800000| Untracked 
| 121|0x00000000e7900000, 0x00000000e7a00000, 0x00000000e7a00000|100%| O|  |TAMS 0x00000000e7a00000, 0x00000000e7900000| Untracked 
| 122|0x00000000e7a00000, 0x00000000e7b00000, 0x00000000e7b00000|100%| O|  |TAMS 0x00000000e7b00000, 0x00000000e7a00000| Untracked 
| 123|0x00000000e7b00000, 0x00000000e7c00000, 0x00000000e7c00000|100%| O|  |TAMS 0x00000000e7c00000, 0x00000000e7b00000| Untracked 
| 124|0x00000000e7c00000, 0x00000000e7c00000, 0x00000000e7d00000|  0%| F|  |TAMS 0x00000000e7c00000, 0x00000000e7c00000| Untracked 
| 125|0x00000000e7d00000, 0x00000000e7e00000, 0x00000000e7e00000|100%| O|  |TAMS 0x00000000e7e00000, 0x00000000e7d00000| Untracked 
| 126|0x00000000e7e00000, 0x00000000e7f00000, 0x00000000e7f00000|100%|HS|  |TAMS 0x00000000e7f00000, 0x00000000e7e00000| Complete 
| 127|0x00000000e7f00000, 0x00000000e8000000, 0x00000000e8000000|100%|HC|  |TAMS 0x00000000e8000000, 0x00000000e7f00000| Complete 
| 128|0x00000000e8000000, 0x00000000e8100000, 0x00000000e8100000|100%|HC|  |TAMS 0x00000000e8100000, 0x00000000e8000000| Complete 
| 129|0x00000000e8100000, 0x00000000e8200000, 0x00000000e8200000|100%|HC|  |TAMS 0x00000000e8200000, 0x00000000e8100000| Complete 
| 130|0x00000000e8200000, 0x00000000e8300000, 0x00000000e8300000|100%|HC|  |TAMS 0x00000000e8300000, 0x00000000e8200000| Complete 
| 131|0x00000000e8300000, 0x00000000e8400000, 0x00000000e8400000|100%| O|  |TAMS 0x00000000e8400000, 0x00000000e8300000| Untracked 
| 132|0x00000000e8400000, 0x00000000e8500000, 0x00000000e8500000|100%| O|  |TAMS 0x00000000e8500000, 0x00000000e8400000| Untracked 
| 133|0x00000000e8500000, 0x00000000e8600000, 0x00000000e8600000|100%|HS|  |TAMS 0x00000000e8600000, 0x00000000e8500000| Complete 
| 134|0x00000000e8600000, 0x00000000e8700000, 0x00000000e8700000|100%|HC|  |TAMS 0x00000000e8700000, 0x00000000e8600000| Complete 
| 135|0x00000000e8700000, 0x00000000e8800000, 0x00000000e8800000|100%|HC|  |TAMS 0x00000000e8800000, 0x00000000e8700000| Complete 
| 136|0x00000000e8800000, 0x00000000e8900000, 0x00000000e8900000|100%|HS|  |TAMS 0x00000000e8900000, 0x00000000e8800000| Complete 
| 137|0x00000000e8900000, 0x00000000e8a00000, 0x00000000e8a00000|100%|HC|  |TAMS 0x00000000e8a00000, 0x00000000e8900000| Complete 
| 138|0x00000000e8a00000, 0x00000000e8b00000, 0x00000000e8b00000|100%|HC|  |TAMS 0x00000000e8b00000, 0x00000000e8a00000| Complete 
| 139|0x00000000e8b00000, 0x00000000e8c00000, 0x00000000e8c00000|100%| O|  |TAMS 0x00000000e8c00000, 0x00000000e8b00000| Untracked 
| 140|0x00000000e8c00000, 0x00000000e8d00000, 0x00000000e8d00000|100%| O|  |TAMS 0x00000000e8d00000, 0x00000000e8c00000| Untracked 
| 141|0x00000000e8d00000, 0x00000000e8e00000, 0x00000000e8e00000|100%| O|  |TAMS 0x00000000e8e00000, 0x00000000e8d00000| Untracked 
| 142|0x00000000e8e00000, 0x00000000e8f00000, 0x00000000e8f00000|100%| O|  |TAMS 0x00000000e8f00000, 0x00000000e8e00000| Untracked 
| 143|0x00000000e8f00000, 0x00000000e9000000, 0x00000000e9000000|100%| O|  |TAMS 0x00000000e9000000, 0x00000000e8f00000| Untracked 
| 144|0x00000000e9000000, 0x00000000e9100000, 0x00000000e9100000|100%| O|  |TAMS 0x00000000e9100000, 0x00000000e9000000| Untracked 
| 145|0x00000000e9100000, 0x00000000e9200000, 0x00000000e9200000|100%| O|  |TAMS 0x00000000e9200000, 0x00000000e9100000| Untracked 
| 146|0x00000000e9200000, 0x00000000e9300000, 0x00000000e9300000|100%| O|  |TAMS 0x00000000e9300000, 0x00000000e9200000| Untracked 
| 147|0x00000000e9300000, 0x00000000e9400000, 0x00000000e9400000|100%| O|  |TAMS 0x00000000e9400000, 0x00000000e9300000| Untracked 
| 148|0x00000000e9400000, 0x00000000e9500000, 0x00000000e9500000|100%| O|  |TAMS 0x00000000e9500000, 0x00000000e9400000| Untracked 
| 149|0x00000000e9500000, 0x00000000e9600000, 0x00000000e9600000|100%| O|  |TAMS 0x00000000e9600000, 0x00000000e9500000| Untracked 
| 150|0x00000000e9600000, 0x00000000e9700000, 0x00000000e9700000|100%| O|  |TAMS 0x00000000e9700000, 0x00000000e9600000| Untracked 
| 151|0x00000000e9700000, 0x00000000e9800000, 0x00000000e9800000|100%| O|  |TAMS 0x00000000e9800000, 0x00000000e9700000| Untracked 
| 152|0x00000000e9800000, 0x00000000e9900000, 0x00000000e9900000|100%| O|  |TAMS 0x00000000e9900000, 0x00000000e9800000| Untracked 
| 153|0x00000000e9900000, 0x00000000e9a00000, 0x00000000e9a00000|100%| O|  |TAMS 0x00000000e9a00000, 0x00000000e9900000| Untracked 
| 154|0x00000000e9a00000, 0x00000000e9b00000, 0x00000000e9b00000|100%| O|  |TAMS 0x00000000e9b00000, 0x00000000e9a00000| Untracked 
| 155|0x00000000e9b00000, 0x00000000e9c00000, 0x00000000e9c00000|100%| O|  |TAMS 0x00000000e9c00000, 0x00000000e9b00000| Untracked 
| 156|0x00000000e9c00000, 0x00000000e9d00000, 0x00000000e9d00000|100%| O|  |TAMS 0x00000000e9d00000, 0x00000000e9c00000| Untracked 
| 157|0x00000000e9d00000, 0x00000000e9e00000, 0x00000000e9e00000|100%| O|  |TAMS 0x00000000e9e00000, 0x00000000e9d00000| Untracked 
| 158|0x00000000e9e00000, 0x00000000e9f00000, 0x00000000e9f00000|100%| O|  |TAMS 0x00000000e9f00000, 0x00000000e9e00000| Untracked 
| 159|0x00000000e9f00000, 0x00000000ea000000, 0x00000000ea000000|100%| O|  |TAMS 0x00000000ea000000, 0x00000000e9f00000| Untracked 
| 160|0x00000000ea000000, 0x00000000ea100000, 0x00000000ea100000|100%| O|  |TAMS 0x00000000ea03f600, 0x00000000ea000000| Untracked 
| 161|0x00000000ea100000, 0x00000000ea100000, 0x00000000ea200000|  0%| F|  |TAMS 0x00000000ea100000, 0x00000000ea100000| Untracked 
| 162|0x00000000ea200000, 0x00000000ea200000, 0x00000000ea300000|  0%| F|  |TAMS 0x00000000ea200000, 0x00000000ea200000| Untracked 
| 163|0x00000000ea300000, 0x00000000ea300000, 0x00000000ea400000|  0%| F|  |TAMS 0x00000000ea300000, 0x00000000ea300000| Untracked 
| 164|0x00000000ea400000, 0x00000000ea400000, 0x00000000ea500000|  0%| F|  |TAMS 0x00000000ea400000, 0x00000000ea400000| Untracked 
| 165|0x00000000ea500000, 0x00000000ea500000, 0x00000000ea600000|  0%| F|  |TAMS 0x00000000ea500000, 0x00000000ea500000| Untracked 
| 166|0x00000000ea600000, 0x00000000ea600000, 0x00000000ea700000|  0%| F|  |TAMS 0x00000000ea600000, 0x00000000ea600000| Untracked 
| 167|0x00000000ea700000, 0x00000000ea700000, 0x00000000ea800000|  0%| F|  |TAMS 0x00000000ea700000, 0x00000000ea700000| Untracked 
| 168|0x00000000ea800000, 0x00000000ea800000, 0x00000000ea900000|  0%| F|  |TAMS 0x00000000ea800000, 0x00000000ea800000| Untracked 
| 169|0x00000000ea900000, 0x00000000ea900000, 0x00000000eaa00000|  0%| F|  |TAMS 0x00000000ea900000, 0x00000000ea900000| Untracked 
| 170|0x00000000eaa00000, 0x00000000eaa00000, 0x00000000eab00000|  0%| F|  |TAMS 0x00000000eaa00000, 0x00000000eaa00000| Untracked 
| 171|0x00000000eab00000, 0x00000000eab00000, 0x00000000eac00000|  0%| F|  |TAMS 0x00000000eab00000, 0x00000000eab00000| Untracked 
| 172|0x00000000eac00000, 0x00000000eac00000, 0x00000000ead00000|  0%| F|  |TAMS 0x00000000eac00000, 0x00000000eac00000| Untracked 
| 173|0x00000000ead00000, 0x00000000ead00000, 0x00000000eae00000|  0%| F|  |TAMS 0x00000000ead00000, 0x00000000ead00000| Untracked 
| 174|0x00000000eae00000, 0x00000000eae00000, 0x00000000eaf00000|  0%| F|  |TAMS 0x00000000eae00000, 0x00000000eae00000| Untracked 
| 175|0x00000000eaf00000, 0x00000000eaf00000, 0x00000000eb000000|  0%| F|  |TAMS 0x00000000eaf00000, 0x00000000eaf00000| Untracked 
| 176|0x00000000eb000000, 0x00000000eb000000, 0x00000000eb100000|  0%| F|  |TAMS 0x00000000eb000000, 0x00000000eb000000| Untracked 
| 177|0x00000000eb100000, 0x00000000eb100000, 0x00000000eb200000|  0%| F|  |TAMS 0x00000000eb100000, 0x00000000eb100000| Untracked 
| 178|0x00000000eb200000, 0x00000000eb200000, 0x00000000eb300000|  0%| F|  |TAMS 0x00000000eb200000, 0x00000000eb200000| Untracked 
| 179|0x00000000eb300000, 0x00000000eb300000, 0x00000000eb400000|  0%| F|  |TAMS 0x00000000eb300000, 0x00000000eb300000| Untracked 
| 180|0x00000000eb400000, 0x00000000eb400000, 0x00000000eb500000|  0%| F|  |TAMS 0x00000000eb400000, 0x00000000eb400000| Untracked 
| 181|0x00000000eb500000, 0x00000000eb500000, 0x00000000eb600000|  0%| F|  |TAMS 0x00000000eb500000, 0x00000000eb500000| Untracked 
| 182|0x00000000eb600000, 0x00000000eb600000, 0x00000000eb700000|  0%| F|  |TAMS 0x00000000eb600000, 0x00000000eb600000| Untracked 
| 183|0x00000000eb700000, 0x00000000eb700000, 0x00000000eb800000|  0%| F|  |TAMS 0x00000000eb700000, 0x00000000eb700000| Untracked 
| 184|0x00000000eb800000, 0x00000000eb800000, 0x00000000eb900000|  0%| F|  |TAMS 0x00000000eb800000, 0x00000000eb800000| Untracked 
| 185|0x00000000eb900000, 0x00000000eb900000, 0x00000000eba00000|  0%| F|  |TAMS 0x00000000eb900000, 0x00000000eb900000| Untracked 
| 186|0x00000000eba00000, 0x00000000eba00000, 0x00000000ebb00000|  0%| F|  |TAMS 0x00000000eba00000, 0x00000000eba00000| Untracked 
| 187|0x00000000ebb00000, 0x00000000ebb00000, 0x00000000ebc00000|  0%| F|  |TAMS 0x00000000ebb00000, 0x00000000ebb00000| Untracked 
| 188|0x00000000ebc00000, 0x00000000ebc00000, 0x00000000ebd00000|  0%| F|  |TAMS 0x00000000ebc00000, 0x00000000ebc00000| Untracked 
| 189|0x00000000ebd00000, 0x00000000ebd00000, 0x00000000ebe00000|  0%| F|  |TAMS 0x00000000ebd00000, 0x00000000ebd00000| Untracked 
| 190|0x00000000ebe00000, 0x00000000ebe00000, 0x00000000ebf00000|  0%| F|  |TAMS 0x00000000ebe00000, 0x00000000ebe00000| Untracked 
| 191|0x00000000ebf00000, 0x00000000ebf00000, 0x00000000ec000000|  0%| F|  |TAMS 0x00000000ebf00000, 0x00000000ebf00000| Untracked 
| 192|0x00000000ec000000, 0x00000000ec000000, 0x00000000ec100000|  0%| F|  |TAMS 0x00000000ec000000, 0x00000000ec000000| Untracked 
| 193|0x00000000ec100000, 0x00000000ec100000, 0x00000000ec200000|  0%| F|  |TAMS 0x00000000ec100000, 0x00000000ec100000| Untracked 
| 194|0x00000000ec200000, 0x00000000ec200000, 0x00000000ec300000|  0%| F|  |TAMS 0x00000000ec200000, 0x00000000ec200000| Untracked 
| 195|0x00000000ec300000, 0x00000000ec300000, 0x00000000ec400000|  0%| F|  |TAMS 0x00000000ec300000, 0x00000000ec300000| Untracked 
| 196|0x00000000ec400000, 0x00000000ec400000, 0x00000000ec500000|  0%| F|  |TAMS 0x00000000ec400000, 0x00000000ec400000| Untracked 
| 197|0x00000000ec500000, 0x00000000ec500000, 0x00000000ec600000|  0%| F|  |TAMS 0x00000000ec500000, 0x00000000ec500000| Untracked 
| 198|0x00000000ec600000, 0x00000000ec6a7b08, 0x00000000ec700000| 65%| E|  |TAMS 0x00000000ec600000, 0x00000000ec600000| Complete 
| 199|0x00000000ec700000, 0x00000000ec800000, 0x00000000ec800000|100%| E|CS|TAMS 0x00000000ec700000, 0x00000000ec700000| Complete 
| 200|0x00000000ec800000, 0x00000000ec900000, 0x00000000ec900000|100%| E|CS|TAMS 0x00000000ec800000, 0x00000000ec800000| Complete 
| 201|0x00000000ec900000, 0x00000000eca00000, 0x00000000eca00000|100%| E|CS|TAMS 0x00000000ec900000, 0x00000000ec900000| Complete 
| 202|0x00000000eca00000, 0x00000000ecb00000, 0x00000000ecb00000|100%| E|CS|TAMS 0x00000000eca00000, 0x00000000eca00000| Complete 
| 203|0x00000000ecb00000, 0x00000000ecc00000, 0x00000000ecc00000|100%| E|  |TAMS 0x00000000ecb00000, 0x00000000ecb00000| Complete 
| 204|0x00000000ecc00000, 0x00000000ecd00000, 0x00000000ecd00000|100%| E|CS|TAMS 0x00000000ecc00000, 0x00000000ecc00000| Complete 
| 205|0x00000000ecd00000, 0x00000000ece00000, 0x00000000ece00000|100%| E|CS|TAMS 0x00000000ecd00000, 0x00000000ecd00000| Complete 
| 206|0x00000000ece00000, 0x00000000ecf00000, 0x00000000ecf00000|100%| E|CS|TAMS 0x00000000ece00000, 0x00000000ece00000| Complete 
| 207|0x00000000ecf00000, 0x00000000ed000000, 0x00000000ed000000|100%| E|CS|TAMS 0x00000000ecf00000, 0x00000000ecf00000| Complete 
| 208|0x00000000ed000000, 0x00000000ed100000, 0x00000000ed100000|100%| E|CS|TAMS 0x00000000ed000000, 0x00000000ed000000| Complete 
| 209|0x00000000ed100000, 0x00000000ed200000, 0x00000000ed200000|100%| E|CS|TAMS 0x00000000ed100000, 0x00000000ed100000| Complete 
| 210|0x00000000ed200000, 0x00000000ed300000, 0x00000000ed300000|100%| E|CS|TAMS 0x00000000ed200000, 0x00000000ed200000| Complete 
| 211|0x00000000ed300000, 0x00000000ed400000, 0x00000000ed400000|100%| E|CS|TAMS 0x00000000ed300000, 0x00000000ed300000| Complete 
| 212|0x00000000ed400000, 0x00000000ed500000, 0x00000000ed500000|100%| E|CS|TAMS 0x00000000ed400000, 0x00000000ed400000| Complete 
| 213|0x00000000ed500000, 0x00000000ed600000, 0x00000000ed600000|100%| E|CS|TAMS 0x00000000ed500000, 0x00000000ed500000| Complete 
| 214|0x00000000ed600000, 0x00000000ed700000, 0x00000000ed700000|100%| E|CS|TAMS 0x00000000ed600000, 0x00000000ed600000| Complete 
| 215|0x00000000ed700000, 0x00000000ed800000, 0x00000000ed800000|100%| E|CS|TAMS 0x00000000ed700000, 0x00000000ed700000| Complete 
| 216|0x00000000ed800000, 0x00000000ed900000, 0x00000000ed900000|100%| E|CS|TAMS 0x00000000ed800000, 0x00000000ed800000| Complete 
| 217|0x00000000ed900000, 0x00000000eda00000, 0x00000000eda00000|100%| E|CS|TAMS 0x00000000ed900000, 0x00000000ed900000| Complete 
| 218|0x00000000eda00000, 0x00000000edb00000, 0x00000000edb00000|100%| E|CS|TAMS 0x00000000eda00000, 0x00000000eda00000| Complete 
| 219|0x00000000edb00000, 0x00000000edc00000, 0x00000000edc00000|100%| E|CS|TAMS 0x00000000edb00000, 0x00000000edb00000| Complete 
| 220|0x00000000edc00000, 0x00000000edd00000, 0x00000000edd00000|100%| E|CS|TAMS 0x00000000edc00000, 0x00000000edc00000| Complete 
| 221|0x00000000edd00000, 0x00000000ede00000, 0x00000000ede00000|100%| E|CS|TAMS 0x00000000edd00000, 0x00000000edd00000| Complete 
| 222|0x00000000ede00000, 0x00000000edf00000, 0x00000000edf00000|100%| E|CS|TAMS 0x00000000ede00000, 0x00000000ede00000| Complete 
| 223|0x00000000edf00000, 0x00000000ee000000, 0x00000000ee000000|100%| E|CS|TAMS 0x00000000edf00000, 0x00000000edf00000| Complete 
| 224|0x00000000ee000000, 0x00000000ee100000, 0x00000000ee100000|100%| E|CS|TAMS 0x00000000ee000000, 0x00000000ee000000| Complete 
| 225|0x00000000ee100000, 0x00000000ee200000, 0x00000000ee200000|100%| E|CS|TAMS 0x00000000ee100000, 0x00000000ee100000| Complete 
| 226|0x00000000ee200000, 0x00000000ee300000, 0x00000000ee300000|100%| E|CS|TAMS 0x00000000ee200000, 0x00000000ee200000| Complete 
| 227|0x00000000ee300000, 0x00000000ee400000, 0x00000000ee400000|100%| E|CS|TAMS 0x00000000ee300000, 0x00000000ee300000| Complete 
| 228|0x00000000ee400000, 0x00000000ee500000, 0x00000000ee500000|100%| E|CS|TAMS 0x00000000ee400000, 0x00000000ee400000| Complete 
| 229|0x00000000ee500000, 0x00000000ee600000, 0x00000000ee600000|100%| E|CS|TAMS 0x00000000ee500000, 0x00000000ee500000| Complete 
| 230|0x00000000ee600000, 0x00000000ee700000, 0x00000000ee700000|100%| E|CS|TAMS 0x00000000ee600000, 0x00000000ee600000| Complete 
| 231|0x00000000ee700000, 0x00000000ee800000, 0x00000000ee800000|100%| E|CS|TAMS 0x00000000ee700000, 0x00000000ee700000| Complete 
| 232|0x00000000ee800000, 0x00000000ee900000, 0x00000000ee900000|100%| E|CS|TAMS 0x00000000ee800000, 0x00000000ee800000| Complete 
| 233|0x00000000ee900000, 0x00000000eea00000, 0x00000000eea00000|100%| E|CS|TAMS 0x00000000ee900000, 0x00000000ee900000| Complete 
| 234|0x00000000eea00000, 0x00000000eeb00000, 0x00000000eeb00000|100%| E|CS|TAMS 0x00000000eea00000, 0x00000000eea00000| Complete 
| 235|0x00000000eeb00000, 0x00000000eec00000, 0x00000000eec00000|100%| E|CS|TAMS 0x00000000eeb00000, 0x00000000eeb00000| Complete 
| 236|0x00000000eec00000, 0x00000000eed00000, 0x00000000eed00000|100%| E|CS|TAMS 0x00000000eec00000, 0x00000000eec00000| Complete 
| 237|0x00000000eed00000, 0x00000000eee00000, 0x00000000eee00000|100%| E|CS|TAMS 0x00000000eed00000, 0x00000000eed00000| Complete 
| 238|0x00000000eee00000, 0x00000000eef00000, 0x00000000eef00000|100%| E|CS|TAMS 0x00000000eee00000, 0x00000000eee00000| Complete 
| 239|0x00000000eef00000, 0x00000000ef000000, 0x00000000ef000000|100%| E|CS|TAMS 0x00000000eef00000, 0x00000000eef00000| Complete 
| 240|0x00000000ef000000, 0x00000000ef100000, 0x00000000ef100000|100%| E|CS|TAMS 0x00000000ef000000, 0x00000000ef000000| Complete 
| 241|0x00000000ef100000, 0x00000000ef200000, 0x00000000ef200000|100%| E|CS|TAMS 0x00000000ef100000, 0x00000000ef100000| Complete 
| 242|0x00000000ef200000, 0x00000000ef300000, 0x00000000ef300000|100%| E|CS|TAMS 0x00000000ef200000, 0x00000000ef200000| Complete 
| 243|0x00000000ef300000, 0x00000000ef400000, 0x00000000ef400000|100%| E|CS|TAMS 0x00000000ef300000, 0x00000000ef300000| Complete 
| 244|0x00000000ef400000, 0x00000000ef500000, 0x00000000ef500000|100%| E|CS|TAMS 0x00000000ef400000, 0x00000000ef400000| Complete 
| 245|0x00000000ef500000, 0x00000000ef600000, 0x00000000ef600000|100%| E|CS|TAMS 0x00000000ef500000, 0x00000000ef500000| Complete 
| 246|0x00000000ef600000, 0x00000000ef700000, 0x00000000ef700000|100%| E|CS|TAMS 0x00000000ef600000, 0x00000000ef600000| Complete 
| 247|0x00000000ef700000, 0x00000000ef800000, 0x00000000ef800000|100%| E|CS|TAMS 0x00000000ef700000, 0x00000000ef700000| Complete 
| 248|0x00000000ef800000, 0x00000000ef900000, 0x00000000ef900000|100%| E|CS|TAMS 0x00000000ef800000, 0x00000000ef800000| Complete 
| 249|0x00000000ef900000, 0x00000000efa00000, 0x00000000efa00000|100%| E|CS|TAMS 0x00000000ef900000, 0x00000000ef900000| Complete 
| 250|0x00000000efa00000, 0x00000000efb00000, 0x00000000efb00000|100%| E|CS|TAMS 0x00000000efa00000, 0x00000000efa00000| Complete 
| 251|0x00000000efb00000, 0x00000000efc00000, 0x00000000efc00000|100%| E|CS|TAMS 0x00000000efb00000, 0x00000000efb00000| Complete 
| 252|0x00000000efc00000, 0x00000000efd00000, 0x00000000efd00000|100%| E|CS|TAMS 0x00000000efc00000, 0x00000000efc00000| Complete 
| 253|0x00000000efd00000, 0x00000000efe00000, 0x00000000efe00000|100%| E|CS|TAMS 0x00000000efd00000, 0x00000000efd00000| Complete 
| 254|0x00000000efe00000, 0x00000000efe3dc10, 0x00000000eff00000| 24%| S|CS|TAMS 0x00000000efe00000, 0x00000000efe00000| Complete 
| 255|0x00000000eff00000, 0x00000000f0000000, 0x00000000f0000000|100%| S|CS|TAMS 0x00000000eff00000, 0x00000000eff00000| Complete 
| 256|0x00000000f0000000, 0x00000000f0100000, 0x00000000f0100000|100%| E|CS|TAMS 0x00000000f0000000, 0x00000000f0000000| Complete 
| 257|0x00000000f0100000, 0x00000000f0200000, 0x00000000f0200000|100%| E|CS|TAMS 0x00000000f0100000, 0x00000000f0100000| Complete 
| 258|0x00000000f0200000, 0x00000000f0300000, 0x00000000f0300000|100%| E|CS|TAMS 0x00000000f0200000, 0x00000000f0200000| Complete 
| 259|0x00000000f0300000, 0x00000000f0400000, 0x00000000f0400000|100%| E|CS|TAMS 0x00000000f0300000, 0x00000000f0300000| Complete 
| 260|0x00000000f0400000, 0x00000000f0500000, 0x00000000f0500000|100%| E|CS|TAMS 0x00000000f0400000, 0x00000000f0400000| Complete 
| 261|0x00000000f0500000, 0x00000000f0600000, 0x00000000f0600000|100%| E|CS|TAMS 0x00000000f0500000, 0x00000000f0500000| Complete 

Card table byte_map: [0x000001f8703c0000,0x000001f8704c0000] _byte_map_base: 0x000001f86fcc0000

Marking Bits (Prev, Next): (CMBitMap*) 0x000001f8572dd5f0, (CMBitMap*) 0x000001f8572dd5b0
 Prev Bits: [0x000001f870dc0000, 0x000001f8715c0000)
 Next Bits: [0x000001f8705c0000, 0x000001f870dc0000)

Polling page: 0x000001f856f90000

Metaspace:

Usage:
  Non-class:     76.70 MB used.
      Class:     11.87 MB used.
       Both:     88.57 MB used.

Virtual space:
  Non-class space:      128.00 MB reserved,      77.19 MB ( 60%) committed,  2 nodes.
      Class space:      320.00 MB reserved,      12.31 MB (  4%) committed,  1 nodes.
             Both:      448.00 MB reserved,      89.50 MB ( 20%) committed. 

Chunk freelists:
   Non-Class:  1.88 MB
       Class:  3.62 MB
        Both:  5.49 MB

MaxMetaspaceSize: 384.00 MB
CompressedClassSpaceSize: 320.00 MB
Initial GC threshold: 21.00 MB
Current GC threshold: 140.56 MB
CDS: on
MetaspaceReclaimPolicy: balanced
 - commit_granule_bytes: 65536.
 - commit_granule_words: 8192.
 - virtual_space_node_default_size: 8388608.
 - enlarge_chunks_in_place: 1.
 - new_chunks_are_fully_committed: 0.
 - uncommit_free_chunks: 1.
 - use_allocation_guard: 0.
 - handle_deallocations: 1.


Internal statistics:

num_allocs_failed_limit: 12.
num_arena_births: 1346.
num_arena_deaths: 156.
num_vsnodes_births: 3.
num_vsnodes_deaths: 0.
num_space_committed: 1490.
num_space_uncommitted: 58.
num_chunks_returned_to_freelist: 399.
num_chunks_taken_from_freelist: 5659.
num_chunk_merges: 129.
num_chunk_splits: 3436.
num_chunks_enlarged: 2063.
num_inconsistent_stats: 0.

CodeHeap 'non-profiled nmethods': size=120000Kb used=9940Kb max_used=9953Kb free=110059Kb
 bounds [0x000001f8680e0000, 0x000001f868aa0000, 0x000001f86f610000]
CodeHeap 'profiled nmethods': size=120000Kb used=30923Kb max_used=30923Kb free=89076Kb
 bounds [0x000001f860610000, 0x000001f862450000, 0x000001f867b40000]
CodeHeap 'non-nmethods': size=5760Kb used=2429Kb max_used=2493Kb free=3330Kb
 bounds [0x000001f867b40000, 0x000001f867dc0000, 0x000001f8680e0000]
 total_blobs=16532 nmethods=15586 adapters=857
 compilation: enabled
              stopped_count=0, restarted_count=0
 full_count=0

Compilation events (20 events):
Event: 1139.378 Thread 0x000001f874240ad0 19991       3       org.gradle.internal.logging.text.AbstractLineChoppingStyledTextOutput::doAppend (43 bytes)
Event: 1139.378 Thread 0x000001f874240ad0 nmethod 19991 0x000001f86243ab10 code [0x000001f86243ad00, 0x000001f86243b1c8]
Event: 1139.378 Thread 0x000001f874240ad0 19992       3       org.gradle.internal.logging.text.AbstractLineChoppingStyledTextOutput$1::execute (9 bytes)
Event: 1139.378 Thread 0x000001f874240ad0 nmethod 19992 0x000001f86243b390 code [0x000001f86243b540, 0x000001f86243b768]
Event: 1139.378 Thread 0x000001f874240ad0 19993       3       org.gradle.internal.logging.text.AbstractLineChoppingStyledTextOutput$1::execute (140 bytes)
Event: 1139.379 Thread 0x000001f874240ad0 nmethod 19993 0x000001f86243b810 code [0x000001f86243bb40, 0x000001f86243cbd8]
Event: 1139.379 Thread 0x000001f874240ad0 19994       3       org.gradle.internal.logging.text.AbstractLineChoppingStyledTextOutput$2::execute (77 bytes)
Event: 1139.379 Thread 0x000001f874240ad0 nmethod 19994 0x000001f86243d290 code [0x000001f86243d520, 0x000001f86243dfa8]
Event: 1139.379 Thread 0x000001f874240ad0 19987       2       java.io.ObjectStreamClass::checkDefaultSerialize (20 bytes)
Event: 1139.379 Thread 0x000001f874240ad0 nmethod 19987 0x000001f86243e410 code [0x000001f86243e5c0, 0x000001f86243e818]
Event: 1139.379 Thread 0x000001f874240ad0 19990       2       java.io.ObjectStreamClass::isRecord (9 bytes)
Event: 1139.379 Thread 0x000001f874240ad0 nmethod 19990 0x000001f86243e990 code [0x000001f86243eb40, 0x000001f86243ed28]
Event: 1139.379 Thread 0x000001f874240ad0 19985       1       org.gradle.internal.serialize.ExceptionReplacingObjectOutputStream::getObjectTransformer (5 bytes)
Event: 1139.379 Thread 0x000001f874240ad0 nmethod 19985 0x000001f86830a090 code [0x000001f86830a220, 0x000001f86830a2f8]
Event: 1139.381 Thread 0x000001f874240ad0 19995       3       org.gradle.internal.snapshot.SingletonChildMap::stream (8 bytes)
Event: 1139.381 Thread 0x000001f874240ad0 nmethod 19995 0x000001f86243ee10 code [0x000001f86243efe0, 0x000001f86243f368]
Event: 1139.390 Thread 0x000001f874240ad0 19996       1       org.gradle.cache.internal.DefaultCacheCoordinator$IndexedCacheEntry::getCache (5 bytes)
Event: 1139.390 Thread 0x000001f874240ad0 nmethod 19996 0x000001f868309d90 code [0x000001f868309f20, 0x000001f868309ff8]
Event: 1139.391 Thread 0x000001f874240ad0 19997   !   2       java.util.concurrent.ThreadPoolExecutor::interruptIdleWorkers (120 bytes)
Event: 1139.391 Thread 0x000001f874240ad0 nmethod 19997 0x000001f86243f510 code [0x000001f86243f780, 0x000001f86243fe48]

GC Heap History (20 events):
Event: 1135.617 GC heap before
{Heap before GC invocations=17 (full 0):
 garbage-first heap   total 262144K, used 222380K [0x00000000e0000000, 0x0000000100000000)
  region size 1024K, 118 young (120832K), 18 survivors (18432K)
 Metaspace       used 85880K, committed 86848K, reserved 458752K
  class space    used 11468K, committed 11904K, reserved 327680K
}
Event: 1135.628 GC heap after
{Heap after GC invocations=18 (full 0):
 garbage-first heap   total 262144K, used 130863K [0x00000000e0000000, 0x0000000100000000)
  region size 1024K, 13 young (13312K), 13 survivors (13312K)
 Metaspace       used 85880K, committed 86848K, reserved 458752K
  class space    used 11468K, committed 11904K, reserved 327680K
}
Event: 1135.788 GC heap before
{Heap before GC invocations=18 (full 0):
 garbage-first heap   total 262144K, used 141103K [0x00000000e0000000, 0x0000000100000000)
  region size 1024K, 24 young (24576K), 13 survivors (13312K)
 Metaspace       used 86788K, committed 87808K, reserved 458752K
  class space    used 11577K, committed 12032K, reserved 327680K
}
Event: 1135.795 GC heap after
{Heap after GC invocations=19 (full 0):
 garbage-first heap   total 262144K, used 131749K [0x00000000e0000000, 0x0000000100000000)
  region size 1024K, 2 young (2048K), 2 survivors (2048K)
 Metaspace       used 86788K, committed 87808K, reserved 458752K
  class space    used 11577K, committed 12032K, reserved 327680K
}
Event: 1136.546 GC heap before
{Heap before GC invocations=20 (full 0):
 garbage-first heap   total 262144K, used 214693K [0x00000000e0000000, 0x0000000100000000)
  region size 1024K, 73 young (74752K), 2 survivors (2048K)
 Metaspace       used 86518K, committed 87360K, reserved 458752K
  class space    used 11651K, committed 12032K, reserved 327680K
}
Event: 1136.551 GC heap after
{Heap after GC invocations=21 (full 0):
 garbage-first heap   total 262144K, used 150239K [0x00000000e0000000, 0x0000000100000000)
  region size 1024K, 10 young (10240K), 10 survivors (10240K)
 Metaspace       used 86518K, committed 87360K, reserved 458752K
  class space    used 11651K, committed 12032K, reserved 327680K
}
Event: 1136.566 GC heap before
{Heap before GC invocations=21 (full 0):
 garbage-first heap   total 262144K, used 152287K [0x00000000e0000000, 0x0000000100000000)
  region size 1024K, 12 young (12288K), 10 survivors (10240K)
 Metaspace       used 86518K, committed 87360K, reserved 458752K
  class space    used 11651K, committed 12032K, reserved 327680K
}
Event: 1136.572 GC heap after
{Heap after GC invocations=22 (full 0):
 garbage-first heap   total 262144K, used 145398K [0x00000000e0000000, 0x0000000100000000)
  region size 1024K, 2 young (2048K), 2 survivors (2048K)
 Metaspace       used 86518K, committed 87360K, reserved 458752K
  class space    used 11651K, committed 12032K, reserved 327680K
}
Event: 1137.106 GC heap before
{Heap before GC invocations=22 (full 0):
 garbage-first heap   total 262144K, used 208886K [0x00000000e0000000, 0x0000000100000000)
  region size 1024K, 64 young (65536K), 2 survivors (2048K)
 Metaspace       used 86826K, committed 87680K, reserved 458752K
  class space    used 11666K, committed 12096K, reserved 327680K
}
Event: 1137.111 GC heap after
{Heap after GC invocations=23 (full 0):
 garbage-first heap   total 262144K, used 153898K [0x00000000e0000000, 0x0000000100000000)
  region size 1024K, 8 young (8192K), 8 survivors (8192K)
 Metaspace       used 86826K, committed 87680K, reserved 458752K
  class space    used 11666K, committed 12096K, reserved 327680K
}
Event: 1137.469 GC heap before
{Heap before GC invocations=24 (full 0):
 garbage-first heap   total 263168K, used 210218K [0x00000000e0000000, 0x0000000100000000)
  region size 1024K, 65 young (66560K), 8 survivors (8192K)
 Metaspace       used 85340K, committed 86336K, reserved 458752K
  class space    used 11476K, committed 11968K, reserved 327680K
}
Event: 1137.478 GC heap after
{Heap after GC invocations=25 (full 0):
 garbage-first heap   total 263168K, used 158150K [0x00000000e0000000, 0x0000000100000000)
  region size 1024K, 7 young (7168K), 7 survivors (7168K)
 Metaspace       used 85340K, committed 86336K, reserved 458752K
  class space    used 11476K, committed 11968K, reserved 327680K
}
Event: 1137.513 GC heap before
{Heap before GC invocations=25 (full 0):
 garbage-first heap   total 263168K, used 163270K [0x00000000e0000000, 0x0000000100000000)
  region size 1024K, 12 young (12288K), 7 survivors (7168K)
 Metaspace       used 85364K, committed 86336K, reserved 458752K
  class space    used 11477K, committed 11968K, reserved 327680K
}
Event: 1137.519 GC heap after
{Heap after GC invocations=26 (full 0):
 garbage-first heap   total 263168K, used 143288K [0x00000000e0000000, 0x0000000100000000)
  region size 1024K, 2 young (2048K), 2 survivors (2048K)
 Metaspace       used 85364K, committed 86336K, reserved 458752K
  class space    used 11477K, committed 11968K, reserved 327680K
}
Event: 1138.494 GC heap before
{Heap before GC invocations=26 (full 0):
 garbage-first heap   total 263168K, used 210872K [0x00000000e0000000, 0x0000000100000000)
  region size 1024K, 68 young (69632K), 2 survivors (2048K)
 Metaspace       used 85449K, committed 86400K, reserved 458752K
  class space    used 11478K, committed 11968K, reserved 327680K
}
Event: 1138.500 GC heap after
{Heap after GC invocations=27 (full 0):
 garbage-first heap   total 263168K, used 152576K [0x00000000e0000000, 0x0000000100000000)
  region size 1024K, 9 young (9216K), 9 survivors (9216K)
 Metaspace       used 85449K, committed 86400K, reserved 458752K
  class space    used 11478K, committed 11968K, reserved 327680K
}
Event: 1139.009 GC heap before
{Heap before GC invocations=28 (full 0):
 garbage-first heap   total 268288K, used 212992K [0x00000000e0000000, 0x0000000100000000)
  region size 1024K, 69 young (70656K), 9 survivors (9216K)
 Metaspace       used 85998K, committed 86912K, reserved 458752K
  class space    used 11534K, committed 11968K, reserved 327680K
}
Event: 1139.014 GC heap after
{Heap after GC invocations=29 (full 0):
 garbage-first heap   total 268288K, used 152522K [0x00000000e0000000, 0x0000000100000000)
  region size 1024K, 7 young (7168K), 7 survivors (7168K)
 Metaspace       used 85998K, committed 86912K, reserved 458752K
  class space    used 11534K, committed 11968K, reserved 327680K
}
Event: 1139.047 GC heap before
{Heap before GC invocations=29 (full 0):
 garbage-first heap   total 268288K, used 158666K [0x00000000e0000000, 0x0000000100000000)
  region size 1024K, 13 young (13312K), 7 survivors (7168K)
 Metaspace       used 86007K, committed 86912K, reserved 458752K
  class space    used 11535K, committed 11968K, reserved 327680K
}
Event: 1139.053 GC heap after
{Heap after GC invocations=30 (full 0):
 garbage-first heap   total 268288K, used 149553K [0x00000000e0000000, 0x0000000100000000)
  region size 1024K, 2 young (2048K), 2 survivors (2048K)
 Metaspace       used 86007K, committed 86912K, reserved 458752K
  class space    used 11535K, committed 11968K, reserved 327680K
}

Dll operation events (15 events):
Event: 0.006 Loaded shared library C:\Users\ssginc22\.jdks\corretto-17.0.12\bin\java.dll
Event: 0.025 Loaded shared library C:\Users\ssginc22\.jdks\corretto-17.0.12\bin\jsvml.dll
Event: 0.072 Loaded shared library C:\Users\ssginc22\.jdks\corretto-17.0.12\bin\zip.dll
Event: 0.075 Loaded shared library C:\Users\ssginc22\.jdks\corretto-17.0.12\bin\instrument.dll
Event: 0.078 Loaded shared library C:\Users\ssginc22\.jdks\corretto-17.0.12\bin\net.dll
Event: 0.079 Loaded shared library C:\Users\ssginc22\.jdks\corretto-17.0.12\bin\nio.dll
Event: 0.081 Loaded shared library C:\Users\ssginc22\.jdks\corretto-17.0.12\bin\zip.dll
Event: 0.261 Loaded shared library C:\Users\ssginc22\.jdks\corretto-17.0.12\bin\jimage.dll
Event: 0.355 Loaded shared library C:\Users\ssginc22\.jdks\corretto-17.0.12\bin\verify.dll
Event: 0.431 Loaded shared library C:\Users\ssginc22\.gradle\native\c067742578af261105cb4f569cf0c3c89f3d7b1fecec35dd04571415982c5e48\windows-amd64\native-platform.dll
Event: 0.436 Loaded shared library C:\Users\ssginc22\.gradle\native\100fb08df4bc3b14c8652ba06237920a3bd2aa13389f12d3474272988ae205f9\windows-amd64\native-platform-file-events.dll
Event: 1.096 Loaded shared library C:\Users\ssginc22\.jdks\corretto-17.0.12\bin\management.dll
Event: 1.097 Loaded shared library C:\Users\ssginc22\.jdks\corretto-17.0.12\bin\management_ext.dll
Event: 1.232 Loaded shared library C:\Users\ssginc22\.jdks\corretto-17.0.12\bin\extnet.dll
Event: 1.455 Loaded shared library C:\Users\ssginc22\.jdks\corretto-17.0.12\bin\sunmscapi.dll

Deoptimization events (20 events):
Event: 1139.377 Thread 0x000001f87cadbe00 Uncommon trap: trap_request=0xffffff45 fr.pc=0x000001f8680eccf8 relative=0x0000000000000518
Event: 1139.377 Thread 0x000001f87cadbe00 Uncommon trap: reason=unstable_if action=reinterpret pc=0x000001f8680eccf8 method=org.gradle.internal.logging.text.AbstractLineChoppingStyledTextOutput$2.execute(Lorg/gradle/internal/logging/text/AbstractLineChoppingStyledTextOutput$StateContext;)V @ 34 c
Event: 1139.377 Thread 0x000001f87cadbe00 DEOPT PACKING pc=0x000001f8680eccf8 sp=0x00000058bd2fc760
Event: 1139.377 Thread 0x000001f87cadbe00 DEOPT UNPACKING pc=0x000001f867b9a1a3 sp=0x00000058bd2fc5f8 mode 2
Event: 1139.377 Thread 0x000001f87cadbe00 Uncommon trap: trap_request=0xffffff45 fr.pc=0x000001f8682b95e4 relative=0x0000000000000504
Event: 1139.377 Thread 0x000001f87cadbe00 Uncommon trap: reason=unstable_if action=reinterpret pc=0x000001f8682b95e4 method=org.gradle.internal.logging.text.AbstractLineChoppingStyledTextOutput$2.execute(Lorg/gradle/internal/logging/text/AbstractLineChoppingStyledTextOutput$StateContext;)V @ 34 c
Event: 1139.377 Thread 0x000001f87cadbe00 DEOPT PACKING pc=0x000001f8682b95e4 sp=0x00000058bd2fc700
Event: 1139.377 Thread 0x000001f87cadbe00 DEOPT UNPACKING pc=0x000001f867b9a1a3 sp=0x00000058bd2fc600 mode 2
Event: 1139.377 Thread 0x000001f87cadbe00 Uncommon trap: trap_request=0xffffff45 fr.pc=0x000001f868258ccc relative=0x0000000000000c0c
Event: 1139.377 Thread 0x000001f87cadbe00 Uncommon trap: reason=unstable_if action=reinterpret pc=0x000001f868258ccc method=org.gradle.internal.logging.text.AbstractLineChoppingStyledTextOutput$2.execute(Lorg/gradle/internal/logging/text/AbstractLineChoppingStyledTextOutput$StateContext;)V @ 34 c
Event: 1139.377 Thread 0x000001f87cadbe00 DEOPT PACKING pc=0x000001f868258ccc sp=0x00000058bd2fc7d0
Event: 1139.377 Thread 0x000001f87cadbe00 DEOPT UNPACKING pc=0x000001f867b9a1a3 sp=0x00000058bd2fc608 mode 2
Event: 1139.377 Thread 0x000001f87cadbe00 Uncommon trap: trap_request=0xffffff45 fr.pc=0x000001f868166fe4 relative=0x0000000000000384
Event: 1139.377 Thread 0x000001f87cadbe00 Uncommon trap: reason=unstable_if action=reinterpret pc=0x000001f868166fe4 method=org.gradle.internal.logging.text.AbstractLineChoppingStyledTextOutput$2.execute(Lorg/gradle/internal/logging/text/AbstractLineChoppingStyledTextOutput$StateContext;)V @ 34 c
Event: 1139.377 Thread 0x000001f87cadbe00 DEOPT PACKING pc=0x000001f868166fe4 sp=0x00000058bd2fc650
Event: 1139.377 Thread 0x000001f87cadbe00 DEOPT UNPACKING pc=0x000001f867b9a1a3 sp=0x00000058bd2fc610 mode 2
Event: 1139.378 Thread 0x000001f87cadbe00 Uncommon trap: trap_request=0xffffffde fr.pc=0x000001f8688fc494 relative=0x0000000000000334
Event: 1139.378 Thread 0x000001f87cadbe00 Uncommon trap: reason=class_check action=maybe_recompile pc=0x000001f8688fc494 method=org.gradle.internal.operations.logging.LoggingBuildOperationProgressBroadcaster.onOutput(Lorg/gradle/internal/logging/events/OutputEvent;)V @ 8 c2
Event: 1139.378 Thread 0x000001f87cadbe00 DEOPT PACKING pc=0x000001f8688fc494 sp=0x00000058bd2fcb50
Event: 1139.378 Thread 0x000001f87cadbe00 DEOPT UNPACKING pc=0x000001f867b9a1a3 sp=0x00000058bd2fcaa0 mode 2

Classes loaded (20 events):
Event: 1139.116 Loading class java/util/TreeMap$KeySetCustomizer
Event: 1139.116 Loading class java/util/TreeMap$KeySetCustomizer done
Event: 1139.147 Loading class java/util/LinkedHashSetBeanInfo
Event: 1139.147 Loading class java/util/LinkedHashSetBeanInfo done
Event: 1139.147 Loading class java/util/LinkedHashSetBeanInfo
Event: 1139.147 Loading class java/util/LinkedHashSetBeanInfo done
Event: 1139.147 Loading class java/util/HashSetBeanInfo
Event: 1139.147 Loading class java/util/HashSetBeanInfo done
Event: 1139.147 Loading class java/util/HashSetBeanInfo
Event: 1139.147 Loading class java/util/HashSetBeanInfo done
Event: 1139.147 Loading class java/util/HashSetCustomizer
Event: 1139.147 Loading class java/util/HashSetCustomizer done
Event: 1139.147 Loading class java/util/HashSetCustomizer
Event: 1139.147 Loading class java/util/HashSetCustomizer done
Event: 1139.147 Loading class java/util/LinkedHashSetCustomizer
Event: 1139.147 Loading class java/util/LinkedHashSetCustomizer done
Event: 1139.147 Loading class java/util/LinkedHashSetCustomizer
Event: 1139.147 Loading class java/util/LinkedHashSetCustomizer done
Event: 1139.273 Loading class java/util/TreeMap$ValueSpliterator
Event: 1139.274 Loading class java/util/TreeMap$ValueSpliterator done

Classes unloaded (20 events):
Event: 1137.145 Thread 0x000001f87420b530 Unloading class 0x000001f801b1af48 'lombok/javac/apt/MessagerDiagnosticsReceiver'
Event: 1137.145 Thread 0x000001f87420b530 Unloading class 0x000001f801b1aba0 'lombok/javac/apt/InterceptingJavaFileManager'
Event: 1137.145 Thread 0x000001f87420b530 Unloading class 0x000001f801b1a998 'lombok/permit/dummy/Parent'
Event: 1137.145 Thread 0x000001f87420b530 Unloading class 0x000001f801b1a780 'lombok/core/CleanupRegistry'
Event: 1137.145 Thread 0x000001f87420b530 Unloading class 0x000001f801b1a588 'lombok/core/DiagnosticsReceiver'
Event: 1137.145 Thread 0x000001f87420b530 Unloading class 0x000001f801b1a298 'lombok/javac/apt/LombokProcessor$1'
Event: 1137.145 Thread 0x000001f87420b530 Unloading class 0x000001f801b1a000 'lombok/javac/apt/LombokProcessor'
Event: 1137.145 Thread 0x000001f87420b530 Unloading class 0x000001f801b19cf0 'lombok/permit/Permit$Fake'
Event: 1137.145 Thread 0x000001f87420b530 Unloading class 0x000001f801b19af0 'lombok/permit/Permit'
Event: 1137.145 Thread 0x000001f87420b530 Unloading class 0x000001f801b198c0 'lombok/core/AnnotationProcessor$EcjDescriptor'
Event: 1137.145 Thread 0x000001f87420b530 Unloading class 0x000001f801b19688 'lombok/core/AnnotationProcessor$JavacDescriptor'
Event: 1137.145 Thread 0x000001f87420b530 Unloading class 0x000001f801b19280 'lombok/core/AnnotationProcessor$ProcessorDescriptor'
Event: 1137.145 Thread 0x000001f87420b530 Unloading class 0x000001f801b19000 'lombok/core/AnnotationProcessor'
Event: 1137.145 Thread 0x000001f87420b530 Unloading class 0x000001f801b18c28 'lombok/launch/AnnotationProcessorHider$AstModificationNotifierData'
Event: 1137.145 Thread 0x000001f87420b530 Unloading class 0x000001f801b189a8 'lombok/launch/AnnotationProcessorHider$ClaimingProcessor'
Event: 1137.145 Thread 0x000001f87420b530 Unloading class 0x000001f801b18728 'lombok/launch/ClassFileMetaData'
Event: 1137.145 Thread 0x000001f87420b530 Unloading class 0x000001f801b18510 'lombok/launch/PackageShader'
Event: 1137.145 Thread 0x000001f87420b530 Unloading class 0x000001f801b18200 'lombok/launch/ShadowClassLoader'
Event: 1137.145 Thread 0x000001f87420b530 Unloading class 0x000001f801b18000 'lombok/launch/Main'
Event: 1137.145 Thread 0x000001f87420b530 Unloading class 0x000001f801b16c00 'lombok/launch/AnnotationProcessorHider$AnnotationProcessor'

Classes redefined (0 events):
No events

Internal exceptions (20 events):
Event: 1139.268 Thread 0x000001f87cadbe00 Exception <a 'java/lang/ClassNotFoundException'{0x00000000ed91c180}: org/gradle/plugins/ide/idea/model/IdeaModelBeanInfo> (0x00000000ed91c180) 
thrown [s\src\hotspot\share\classfile\systemDictionary.cpp, line 256]
Event: 1139.268 Thread 0x000001f87cadbe00 Exception <a 'java/lang/ClassNotFoundException'{0x00000000ed92cc48}: org/gradle/plugins/ide/idea/model/IdeaModelCustomizer> (0x00000000ed92cc48) 
thrown [s\src\hotspot\share\classfile\systemDictionary.cpp, line 256]
Event: 1139.268 Thread 0x000001f87cadbe00 Exception <a 'java/lang/ClassNotFoundException'{0x00000000ed94d420}: org/gradle/plugins/ide/idea/model/IdeaModel_DecoratedCustomizer> (0x00000000ed94d420) 
thrown [s\src\hotspot\share\classfile\systemDictionary.cpp, line 256]
Event: 1139.270 Thread 0x000001f87cadbe00 Exception <a 'java/lang/ClassNotFoundException'{0x00000000ed9f5e98}: org/gradle/plugins/ide/idea/internal/IdeaModuleInternal_DecoratedBeanInfo> (0x00000000ed9f5e98) 
thrown [s\src\hotspot\share\classfile\systemDictionary.cpp, line 256]
Event: 1139.270 Thread 0x000001f87cadbe00 Exception <a 'java/lang/ClassNotFoundException'{0x00000000ed81ce58}: org/gradle/plugins/ide/idea/internal/IdeaModuleInternalBeanInfo> (0x00000000ed81ce58) 
thrown [s\src\hotspot\share\classfile\systemDictionary.cpp, line 256]
Event: 1139.270 Thread 0x000001f87cadbe00 Exception <a 'java/lang/ClassNotFoundException'{0x00000000ed82d958}: org/gradle/plugins/ide/idea/model/IdeaModuleBeanInfo> (0x00000000ed82d958) 
thrown [s\src\hotspot\share\classfile\systemDictionary.cpp, line 256]
Event: 1139.270 Thread 0x000001f87cadbe00 Exception <a 'java/lang/ClassNotFoundException'{0x00000000ed83e4c0}: org/gradle/plugins/ide/idea/model/IdeaModuleCustomizer> (0x00000000ed83e4c0) 
thrown [s\src\hotspot\share\classfile\systemDictionary.cpp, line 256]
Event: 1139.271 Thread 0x000001f87cadbe00 Exception <a 'java/lang/ClassNotFoundException'{0x00000000ed88f438}: org/gradle/plugins/ide/idea/internal/IdeaModuleInternalCustomizer> (0x00000000ed88f438) 
thrown [s\src\hotspot\share\classfile\systemDictionary.cpp, line 256]
Event: 1139.272 Thread 0x000001f87cadbe00 Exception <a 'java/lang/ClassNotFoundException'{0x00000000ed8c03e8}: org/gradle/plugins/ide/idea/internal/IdeaModuleInternal_DecoratedCustomizer> (0x00000000ed8c03e8) 
thrown [s\src\hotspot\share\classfile\systemDictionary.cpp, line 256]
Event: 1139.274 Thread 0x000001f87cadbe00 Exception <a 'java/lang/NoSuchMethodError'{0x00000000ed775410}: 'java.lang.Object java.lang.invoke.DirectMethodHandle$Holder.invokeStatic(java.lang.Object, int, java.lang.Object)'> (0x00000000ed775410) 
thrown [s\src\hotspot\share\interpreter\linkResolver.cpp, line 759]
Event: 1139.282 Thread 0x000001f87d646120 Exception <a 'java/lang/NoSuchMethodError'{0x00000000ed5a11f8}: static Lorg/jetbrains/kotlin/idea/gradleTooling/model/noarg/NoArgModelImpl;.<clinit>()V> (0x00000000ed5a11f8) 
thrown [s\src\hotspot\share\prims\jni.cpp, line 1112]
Event: 1139.298 Thread 0x000001f87d646120 Exception <a 'java/lang/NoSuchMethodError'{0x00000000ed3f2790}: static Lorg/jetbrains/gradle/profiler/model/impl/JavaTasksModelImpl;.<clinit>()V> (0x00000000ed3f2790) 
thrown [s\src\hotspot\share\prims\jni.cpp, line 1112]
Event: 1139.298 Thread 0x000001f87d646120 Exception <a 'java/lang/NoSuchMethodError'{0x00000000ed3fb918}: static Lorg/jetbrains/gradle/profiler/model/impl/JavaTaskImpl;.<clinit>()V> (0x00000000ed3fb918) 
thrown [s\src\hotspot\share\prims\jni.cpp, line 1112]
Event: 1139.299 Thread 0x000001f87d646120 Exception <a 'java/lang/NoSuchMethodError'{0x00000000ed207bc8}: static Lorg/jetbrains/kotlin/idea/gradleTooling/model/kapt/KaptGradleModelImpl;.<clinit>()V> (0x00000000ed207bc8) 
thrown [s\src\hotspot\share\prims\jni.cpp, line 1112]
Event: 1139.302 Thread 0x000001f87d646120 Exception <a 'java/lang/NoSuchMethodError'{0x00000000ed2aa458}: static Lorg/jetbrains/plugins/gradle/tooling/internal/VersionCatalogsModelImpl;.<clinit>()V> (0x00000000ed2aa458) 
thrown [s\src\hotspot\share\prims\jni.cpp, line 1112]
Event: 1139.303 Thread 0x000001f87d646120 Exception <a 'java/lang/NoSuchMethodError'{0x00000000ed2b2c28}: static Lorg/jetbrains/plugins/gradle/tooling/internal/jar/JarTaskManifestConfigurationImpl;.<clinit>()V> (0x00000000ed2b2c28) 
thrown [s\src\hotspot\share\prims\jni.cpp, line 1112]
Event: 1139.303 Thread 0x000001f87d646120 Exception <a 'java/lang/NoSuchMethodError'{0x00000000ed2bb788}: static Lorg/jetbrains/kotlin/idea/gradleTooling/model/allopen/AllOpenModelImpl;.<clinit>()V> (0x00000000ed2bb788) 
thrown [s\src\hotspot\share\prims\jni.cpp, line 1112]
Event: 1139.304 Thread 0x000001f87d646120 Exception <a 'java/lang/NoSuchMethodError'{0x00000000ed2c3ff0}: static Lorg/jetbrains/kotlin/idea/gradleTooling/model/parcelize/ParcelizeGradleModelImpl;.<clinit>()V> (0x00000000ed2c3ff0) 
thrown [s\src\hotspot\share\prims\jni.cpp, line 1112]
Event: 1139.304 Thread 0x000001f87d646120 Exception <a 'java/lang/NoSuchMethodError'{0x00000000ed2cc650}: static Lorg/jetbrains/kotlin/idea/gradleTooling/model/samWithReceiver/SamWithReceiverModelImpl;.<clinit>()V> (0x00000000ed2cc650) 
thrown [s\src\hotspot\share\prims\jni.cpp, line 1112]
Event: 1139.305 Thread 0x000001f87d646120 Exception <a 'java/lang/NoSuchMethodError'{0x00000000ed2d9cd0}: static Lorg/jetbrains/plugins/gradle/tooling/serialization/internal/adapter/kotlin/dsl/InternalKotlinDslScriptsModel;.<clinit>()V> (0x00000000ed2d9cd0) 
thrown [s\src\hotspot\share\prims\jni.cpp, line 1112]

VM Operations (20 events):
Event: 1138.575 Executing VM operation: G1PauseCleanup
Event: 1138.575 Executing VM operation: G1PauseCleanup done
Event: 1138.585 Executing VM operation: HandshakeAllThreads
Event: 1138.585 Executing VM operation: HandshakeAllThreads done
Event: 1138.585 Executing VM operation: HandshakeAllThreads
Event: 1138.586 Executing VM operation: HandshakeAllThreads done
Event: 1138.589 Executing VM operation: HandshakeAllThreads
Event: 1138.589 Executing VM operation: HandshakeAllThreads done
Event: 1138.728 Executing VM operation: HandshakeAllThreads
Event: 1138.728 Executing VM operation: HandshakeAllThreads done
Event: 1139.009 Executing VM operation: G1CollectForAllocation
Event: 1139.015 Executing VM operation: G1CollectForAllocation done
Event: 1139.047 Executing VM operation: G1CollectForAllocation
Event: 1139.053 Executing VM operation: G1CollectForAllocation done
Event: 1139.146 Executing VM operation: HandshakeAllThreads
Event: 1139.146 Executing VM operation: HandshakeAllThreads done
Event: 1139.291 Executing VM operation: HandshakeAllThreads
Event: 1139.291 Executing VM operation: HandshakeAllThreads done
Event: 1139.314 Executing VM operation: ICBufferFull
Event: 1139.314 Executing VM operation: ICBufferFull done

Events (20 events):
Event: 1138.607 Thread 0x000001f87424bbf0 flushing nmethod 0x000001f862148190
Event: 1138.607 Thread 0x000001f87424bbf0 flushing nmethod 0x000001f86216c590
Event: 1138.607 Thread 0x000001f87424bbf0 flushing nmethod 0x000001f862187d10
Event: 1139.098 Thread 0x000001f87d646120 Thread added: 0x000001f87d646120
Event: 1139.375 Thread 0x000001f87d646120 Thread exited: 0x000001f87d646120
Event: 1139.384 Thread 0x000001f87a2ebc00 Thread exited: 0x000001f87a2ebc00
Event: 1139.388 Thread 0x000001f87a2ee990 Thread exited: 0x000001f87a2ee990
Event: 1139.390 Thread 0x000001f87c8b4ff0 Thread exited: 0x000001f87c8b4ff0
Event: 1139.390 Thread 0x000001f87a2ed550 Thread exited: 0x000001f87a2ed550
Event: 1139.391 Thread 0x000001f87cf12d30 Thread exited: 0x000001f87cf12d30
Event: 1139.391 Thread 0x000001f87cf14b90 Thread exited: 0x000001f87cf14b90
Event: 1139.391 Thread 0x000001f87cf14680 Thread exited: 0x000001f87cf14680
Event: 1139.391 Thread 0x000001f87cf150a0 Thread exited: 0x000001f87cf150a0
Event: 1139.391 Thread 0x000001f87c8b0400 Thread exited: 0x000001f87c8b0400
Event: 1139.391 Thread 0x000001f87c8ae5a0 Thread exited: 0x000001f87c8ae5a0
Event: 1139.391 Thread 0x000001f87cf13750 Thread exited: 0x000001f87cf13750
Event: 1139.391 Thread 0x000001f87cf113e0 Thread exited: 0x000001f87cf113e0
Event: 1139.392 Thread 0x000001f87cf13240 Thread exited: 0x000001f87cf13240
Event: 1139.392 Thread 0x000001f87cf14170 Thread exited: 0x000001f87cf14170
Event: 1139.392 Thread 0x000001f87cf11e00 Thread exited: 0x000001f87cf11e00


Dynamic libraries:
0x00007ff7c3a10000 - 0x00007ff7c3a1e000 	C:\Users\ssginc22\.jdks\corretto-17.0.12\bin\java.exe
0x00007ffb4c770000 - 0x00007ffb4c968000 	C:\Windows\SYSTEM32\ntdll.dll
0x00007ffb4b600000 - 0x00007ffb4b6c2000 	C:\Windows\System32\KERNEL32.DLL
0x00007ffb49e60000 - 0x00007ffb4a15e000 	C:\Windows\System32\KERNELBASE.dll
0x00007ffb4a160000 - 0x00007ffb4a260000 	C:\Windows\System32\ucrtbase.dll
0x00007ffb41080000 - 0x00007ffb4109b000 	C:\Users\ssginc22\.jdks\corretto-17.0.12\bin\VCRUNTIME140.dll
0x00007ffb3fd40000 - 0x00007ffb3fd57000 	C:\Users\ssginc22\.jdks\corretto-17.0.12\bin\jli.dll
0x00007ffb4b910000 - 0x00007ffb4baad000 	C:\Windows\System32\USER32.dll
0x00007ffb4a570000 - 0x00007ffb4a592000 	C:\Windows\System32\win32u.dll
0x00007ffb4bab0000 - 0x00007ffb4badb000 	C:\Windows\System32\GDI32.dll
0x00007ffb21250000 - 0x00007ffb214ea000 	C:\Windows\WinSxS\amd64_microsoft.windows.common-controls_6595b64144ccf1df_6.0.19041.4355_none_60b8b9eb71f62e16\COMCTL32.dll
0x00007ffb4a260000 - 0x00007ffb4a377000 	C:\Windows\System32\gdi32full.dll
0x00007ffb4a950000 - 0x00007ffb4a9ee000 	C:\Windows\System32\msvcrt.dll
0x00007ffb4a6c0000 - 0x00007ffb4a75d000 	C:\Windows\System32\msvcp_win.dll
0x00007ffb4b8e0000 - 0x00007ffb4b90f000 	C:\Windows\System32\IMM32.DLL
0x00007ffb45be0000 - 0x00007ffb45bec000 	C:\Users\ssginc22\.jdks\corretto-17.0.12\bin\vcruntime140_1.dll
0x00007ffb23550000 - 0x00007ffb235dd000 	C:\Users\ssginc22\.jdks\corretto-17.0.12\bin\msvcp140.dll
0x00007ffada3f0000 - 0x00007ffadb05a000 	C:\Users\ssginc22\.jdks\corretto-17.0.12\bin\server\jvm.dll
0x00007ffb4c660000 - 0x00007ffb4c711000 	C:\Windows\System32\ADVAPI32.dll
0x00007ffb4c440000 - 0x00007ffb4c4df000 	C:\Windows\System32\sechost.dll
0x00007ffb4bfb0000 - 0x00007ffb4c0d3000 	C:\Windows\System32\RPCRT4.dll
0x00007ffb4a760000 - 0x00007ffb4a787000 	C:\Windows\System32\bcrypt.dll
0x00007ffb4ac20000 - 0x00007ffb4ac8b000 	C:\Windows\System32\WS2_32.dll
0x00007ffb49370000 - 0x00007ffb493bb000 	C:\Windows\SYSTEM32\POWRPROF.dll
0x00007ffb361b0000 - 0x00007ffb361d7000 	C:\Windows\SYSTEM32\WINMM.dll
0x00007ffb43210000 - 0x00007ffb4321a000 	C:\Windows\SYSTEM32\VERSION.dll
0x00007ffb491d0000 - 0x00007ffb491e2000 	C:\Windows\SYSTEM32\UMPDC.dll
0x00007ffb485f0000 - 0x00007ffb48602000 	C:\Windows\SYSTEM32\kernel.appcore.dll
0x00007ffb42f50000 - 0x00007ffb42f5a000 	C:\Users\ssginc22\.jdks\corretto-17.0.12\bin\jimage.dll
0x00007ffb47b80000 - 0x00007ffb47d64000 	C:\Windows\SYSTEM32\DBGHELP.DLL
0x00007ffb3e9f0000 - 0x00007ffb3ea24000 	C:\Windows\SYSTEM32\dbgcore.DLL
0x00007ffb4a4e0000 - 0x00007ffb4a562000 	C:\Windows\System32\bcryptPrimitives.dll
0x00007ffb41050000 - 0x00007ffb4105e000 	C:\Users\ssginc22\.jdks\corretto-17.0.12\bin\instrument.dll
0x00007ffb33dd0000 - 0x00007ffb33df5000 	C:\Users\ssginc22\.jdks\corretto-17.0.12\bin\java.dll
0x00007ffb0ffd0000 - 0x00007ffb100a7000 	C:\Users\ssginc22\.jdks\corretto-17.0.12\bin\jsvml.dll
0x00007ffb4ada0000 - 0x00007ffb4b50d000 	C:\Windows\System32\SHELL32.dll
0x00007ffb47e30000 - 0x00007ffb485d4000 	C:\Windows\SYSTEM32\windows.storage.dll
0x00007ffb4c0e0000 - 0x00007ffb4c433000 	C:\Windows\System32\combase.dll
0x00007ffb49760000 - 0x00007ffb4978e000 	C:\Windows\SYSTEM32\Wldp.dll
0x00007ffb4ab50000 - 0x00007ffb4ac1d000 	C:\Windows\System32\OLEAUT32.dll
0x00007ffb4acf0000 - 0x00007ffb4ad9d000 	C:\Windows\System32\SHCORE.dll
0x00007ffb4ac90000 - 0x00007ffb4ace5000 	C:\Windows\System32\shlwapi.dll
0x00007ffb49d40000 - 0x00007ffb49d64000 	C:\Windows\SYSTEM32\profapi.dll
0x00007ffb3e210000 - 0x00007ffb3e228000 	C:\Users\ssginc22\.jdks\corretto-17.0.12\bin\zip.dll
0x00007ffb3de20000 - 0x00007ffb3de39000 	C:\Users\ssginc22\.jdks\corretto-17.0.12\bin\net.dll
0x00007ffb462c0000 - 0x00007ffb463cd000 	C:\Windows\SYSTEM32\WINHTTP.dll
0x00007ffb49540000 - 0x00007ffb495aa000 	C:\Windows\system32\mswsock.dll
0x00007ffb3b9d0000 - 0x00007ffb3b9e6000 	C:\Users\ssginc22\.jdks\corretto-17.0.12\bin\nio.dll
0x00007ffb3dfe0000 - 0x00007ffb3dff0000 	C:\Users\ssginc22\.jdks\corretto-17.0.12\bin\verify.dll
0x00007ffb3da30000 - 0x00007ffb3da57000 	C:\Users\ssginc22\.gradle\native\c067742578af261105cb4f569cf0c3c89f3d7b1fecec35dd04571415982c5e48\windows-amd64\native-platform.dll
0x00007ffb14f20000 - 0x00007ffb15064000 	C:\Users\ssginc22\.gradle\native\100fb08df4bc3b14c8652ba06237920a3bd2aa13389f12d3474272988ae205f9\windows-amd64\native-platform-file-events.dll
0x00007ffb3df40000 - 0x00007ffb3df49000 	C:\Users\ssginc22\.jdks\corretto-17.0.12\bin\management.dll
0x00007ffb3dec0000 - 0x00007ffb3decb000 	C:\Users\ssginc22\.jdks\corretto-17.0.12\bin\management_ext.dll
0x00007ffb4c720000 - 0x00007ffb4c728000 	C:\Windows\System32\PSAPI.DLL
0x00007ffb497a0000 - 0x00007ffb497b8000 	C:\Windows\SYSTEM32\CRYPTSP.dll
0x00007ffb48e10000 - 0x00007ffb48e44000 	C:\Windows\system32\rsaenh.dll
0x00007ffb49d00000 - 0x00007ffb49d2e000 	C:\Windows\SYSTEM32\USERENV.dll
0x00007ffb496d0000 - 0x00007ffb496dc000 	C:\Windows\SYSTEM32\CRYPTBASE.dll
0x00007ffb491f0000 - 0x00007ffb4922b000 	C:\Windows\SYSTEM32\IPHLPAPI.DLL
0x00007ffb4aa10000 - 0x00007ffb4aa18000 	C:\Windows\System32\NSI.dll
0x00007ffb42e60000 - 0x00007ffb42e77000 	C:\Windows\SYSTEM32\dhcpcsvc6.DLL
0x00007ffb42e40000 - 0x00007ffb42e5d000 	C:\Windows\SYSTEM32\dhcpcsvc.DLL
0x00007ffb49240000 - 0x00007ffb4930a000 	C:\Windows\SYSTEM32\DNSAPI.dll
0x00007ffb33c40000 - 0x00007ffb33c49000 	C:\Users\ssginc22\.jdks\corretto-17.0.12\bin\extnet.dll
0x00007ffb33c30000 - 0x00007ffb33c3e000 	C:\Users\ssginc22\.jdks\corretto-17.0.12\bin\sunmscapi.dll
0x00007ffb4a380000 - 0x00007ffb4a4dc000 	C:\Windows\System32\CRYPT32.dll
0x00007ffb498b0000 - 0x00007ffb498d7000 	C:\Windows\SYSTEM32\ncrypt.dll
0x00007ffb49870000 - 0x00007ffb498ab000 	C:\Windows\SYSTEM32\NTASN1.dll
0x00007ffab6e20000 - 0x00007ffab6e27000 	C:\Windows\system32\wshunix.dll
0x00007ffb43200000 - 0x00007ffb4320a000 	C:\Windows\System32\rasadhlp.dll
0x00007ffb41690000 - 0x00007ffb41710000 	C:\Windows\System32\fwpuclnt.dll

dbghelp: loaded successfully - version: 4.0.5 - missing functions: none
symbol engine: initialized successfully - sym options: 0x614 - pdb path: .;C:\Users\ssginc22\.jdks\corretto-17.0.12\bin;C:\Windows\SYSTEM32;C:\Windows\WinSxS\amd64_microsoft.windows.common-controls_6595b64144ccf1df_6.0.19041.4355_none_60b8b9eb71f62e16;C:\Users\ssginc22\.jdks\corretto-17.0.12\bin\server;C:\Users\ssginc22\.gradle\native\c067742578af261105cb4f569cf0c3c89f3d7b1fecec35dd04571415982c5e48\windows-amd64;C:\Users\ssginc22\.gradle\native\100fb08df4bc3b14c8652ba06237920a3bd2aa13389f12d3474272988ae205f9\windows-amd64

VM Arguments:
jvm_args: --add-opens=java.base/java.util=ALL-UNNAMED --add-opens=java.base/java.lang=ALL-UNNAMED --add-opens=java.base/java.lang.invoke=ALL-UNNAMED --add-opens=java.prefs/java.util.prefs=ALL-UNNAMED --add-exports=jdk.compiler/com.sun.tools.javac.api=ALL-UNNAMED --add-exports=jdk.compiler/com.sun.tools.javac.util=ALL-UNNAMED --add-opens=java.base/java.nio.charset=ALL-UNNAMED --add-opens=java.base/java.net=ALL-UNNAMED --add-opens=java.base/java.util.concurrent.atomic=ALL-UNNAMED -XX:MaxMetaspaceSize=384m -XX:+HeapDumpOnOutOfMemoryError -Xms256m -Xmx512m -Dfile.encoding=x-windows-949 -Duser.country=KR -Duser.language=ko -Duser.variant -javaagent:C:\Users\ssginc22\.gradle\wrapper\dists\gradle-8.10.2-bin\a04bxjujx95o3nb99gddekhwo\gradle-8.10.2\lib\agents\gradle-instrumentation-agent-8.10.2.jar 
java_command: org.gradle.launcher.daemon.bootstrap.GradleDaemon 8.10.2
java_class_path (initial): C:\Users\ssginc22\.gradle\wrapper\dists\gradle-8.10.2-bin\a04bxjujx95o3nb99gddekhwo\gradle-8.10.2\lib\gradle-daemon-main-8.10.2.jar
Launcher Type: SUN_STANDARD

[Global flags]
     intx CICompilerCount                          = 4                                         {product} {ergonomic}
   size_t CompressedClassSpaceSize                 = 335544320                                 {product} {ergonomic}
     uint ConcGCThreads                            = 3                                         {product} {ergonomic}
     uint G1ConcRefinementThreads                  = 10                                        {product} {ergonomic}
   size_t G1HeapRegionSize                         = 1048576                                   {product} {ergonomic}
    uintx GCDrainStackTargetSize                   = 64                                        {product} {ergonomic}
     bool HeapDumpOnOutOfMemoryError               = true                                   {manageable} {command line}
   size_t InitialHeapSize                          = 268435456                                 {product} {command line}
   size_t MarkStackSize                            = 4194304                                   {product} {ergonomic}
   size_t MaxHeapSize                              = 536870912                                 {product} {command line}
   size_t MaxMetaspaceSize                         = 402653184                                 {product} {command line}
   size_t MaxNewSize                               = 321912832                                 {product} {ergonomic}
   size_t MinHeapDeltaBytes                        = 1048576                                   {product} {ergonomic}
   size_t MinHeapSize                              = 268435456                                 {product} {command line}
    uintx NonNMethodCodeHeapSize                   = 5839372                                {pd product} {ergonomic}
    uintx NonProfiledCodeHeapSize                  = 122909434                              {pd product} {ergonomic}
    uintx ProfiledCodeHeapSize                     = 122909434                              {pd product} {ergonomic}
    uintx ReservedCodeCacheSize                    = 251658240                              {pd product} {ergonomic}
     bool SegmentedCodeCache                       = true                                      {product} {ergonomic}
   size_t SoftMaxHeapSize                          = 536870912                              {manageable} {ergonomic}
     bool UseCompressedClassPointers               = true                           {product lp64_product} {ergonomic}
     bool UseCompressedOops                        = true                           {product lp64_product} {ergonomic}
     bool UseG1GC                                  = true                                      {product} {ergonomic}
     bool UseLargePagesIndividualAllocation        = false                                  {pd product} {ergonomic}

Logging:
Log output configuration:
 #0: stdout all=warning uptime,level,tags
 #1: stderr all=off uptime,level,tags

Environment Variables:
JAVA_HOME=C:\Program Files\Java\jdk-23
PATH=C:\Program Files\Common Files\Oracle\Java\javapath;C:\Program Files\Java\jdk-23\bin;C:\Windows\system32;C:\Windows;C:\Windows\System32\Wbem;C:\Windows\System32\WindowsPowerShell\v1.0\;C:\Windows\System32\OpenSSH\;C:\Program Files\Bandizip\;C:\Program Files\Git\cmd;C:\Program Files\nodejs\;C:\Program Files\Redis\;;C:\Program Files\Docker\Docker\resources\bin;C:\Users\ssginc22\AppData\Local\Microsoft\WindowsApps;C:\Users\ssginc22\AppData\Local\Programs\Microsoft VS Code\bin;C:\Users\ssginc22\AppData\Roaming\npm;C:\Users\ssginc22\AppData\Local\GitHubDesktop\bin
USERNAME=ssginc22
OS=Windows_NT
PROCESSOR_IDENTIFIER=Intel64 Family 6 Model 141 Stepping 1, GenuineIntel
TMP=C:\Users\ssginc22\AppData\Local\Temp
TEMP=C:\Users\ssginc22\AppData\Local\Temp



Periodic native trim disabled


---------------  S Y S T E M  ---------------

OS:
 Windows 10 , 64 bit Build 19041 (10.0.19041.5072)
OS uptime: 3 days 13:33 hours
Hyper-V role detected

CPU: total 12 (initial active 12) (6 cores per cpu, 2 threads per core) family 6 model 141 stepping 1 microcode 0x34, cx8, cmov, fxsr, ht, mmx, 3dnowpref, sse, sse2, sse3, ssse3, sse4.1, sse4.2, popcnt, lzcnt, tsc, tscinvbit, avx, avx2, aes, erms, clmul, bmi1, bmi2, adx, avx512f, avx512dq, avx512cd, avx512bw, avx512vl, sha, fma, vzeroupper, avx512_vpopcntdq, avx512_vpclmulqdq, avx512_vaes, avx512_vnni, clflush, clflushopt, clwb, avx512_vbmi2, avx512_vbmi, hv
Processor Information for all 12 processors :
  Max Mhz: 2918, Current Mhz: 2918, Mhz Limit: 2918

Memory: 4k page, system-wide physical 16121M (355M free)
TotalPageFile size 38277M (AvailPageFile size 52M)
current process WorkingSet (physical memory assigned to process): 495M, peak: 501M
current process commit charge ("private bytes"): 583M, peak: 595M

vm_info: OpenJDK 64-Bit Server VM (17.0.12+7-LTS) for windows-amd64 JRE (17.0.12+7-LTS), built on Jul 10 2024 20:46:33 by "Administrator" with MS VC++ 16.10 / 16.11 (VS2019)

END.
